Using pre-set license
Built from '2020.3/staging' branch; Version is '2020.3.11f1 (99c7afb366b3) revision 10078127'; Using compiler version '192528614'; Build Type 'Release'
OS: 'Windows 10 Pro; OS build 19042.1052; Version 2009; 64bit' Language: 'es' Physical Memory: 16239 MB
BatchMode: 1, IsHumanControllingUs: 0, StartBugReporterOnCrash: 0, Is64bit: 1, IsPro: 0

 COMMAND LINE ARGUMENTS:
C:\Users\sheik\AppData\Local\Programs\Microsoft VS Code\2020.3.11f1\Editor\Unity.exe
-adb2
-batchMode
-noUpm
-name
AssetImportWorker0
-projectPath
D:/game dev/Plataformas
-logFile
Logs/AssetImportWorker0.log
-srvPort
52235
Successfully changed project path to: D:/game dev/Plataformas
D:/game dev/Plataformas
Using Asset Import Pipeline V2.
Refreshing native plugins compatible for Editor in 52.55 ms, found 3 plugins.
Preloading 0 native plugins for Editor in 0.00 ms.
Initialize engine version: 2020.3.11f1 (99c7afb366b3)
[Subsystems] Discovering subsystems at path C:/Users/sheik/AppData/Local/Programs/Microsoft VS Code/2020.3.11f1/Editor/Data/Resources/UnitySubsystems
[Subsystems] Discovering subsystems at path D:/game dev/Plataformas/Assets
GfxDevice: creating device client; threaded=0
Direct3D:
    Version:  Direct3D 11.0 [level 11.1]
    Renderer: NVIDIA GeForce GTX 1050 Ti (ID=0x1c8c)
    Vendor:   
    VRAM:     4021 MB
    Driver:   27.21.14.6677
Initialize mono
Mono path[0] = 'C:/Users/sheik/AppData/Local/Programs/Microsoft VS Code/2020.3.11f1/Editor/Data/Managed'
Mono path[1] = 'C:/Users/sheik/AppData/Local/Programs/Microsoft VS Code/2020.3.11f1/Editor/Data/MonoBleedingEdge/lib/mono/unityjit'
Mono config path = 'C:/Users/sheik/AppData/Local/Programs/Microsoft VS Code/2020.3.11f1/Editor/Data/MonoBleedingEdge/etc'
Using monoOptions --debugger-agent=transport=dt_socket,embedding=1,server=y,suspend=n,address=127.0.0.1:56240
Begin MonoManager ReloadAssembly
Registering precompiled unity dll's ...
Register platform support module: C:/Users/sheik/AppData/Local/Programs/Microsoft VS Code/2020.3.11f1/Editor/Data/PlaybackEngines/WindowsStandaloneSupport/UnityEditor.WindowsStandalone.Extensions.dll
Registered in 0.002691 seconds.
Native extension for WindowsStandalone target not found
Refreshing native plugins compatible for Editor in 43.79 ms, found 3 plugins.
Preloading 0 native plugins for Editor in 0.00 ms.
Mono: successfully reloaded assembly
- Completed reload, in  1.271 seconds
Platform modules already initialized, skipping
Registering precompiled user dll's ...
Registered in 0.004176 seconds.
Begin MonoManager ReloadAssembly
Native extension for WindowsStandalone target not found
Refreshing native plugins compatible for Editor in 53.82 ms, found 3 plugins.
Preloading 0 native plugins for Editor in 0.00 ms.
Mono: successfully reloaded assembly
- Completed reload, in  1.472 seconds
Platform modules already initialized, skipping
========================================================================
Worker process is ready to serve import requests
Launched and connected shader compiler UnityShaderCompiler.exe after 0.07 seconds
Refreshing native plugins compatible for Editor in 0.48 ms, found 3 plugins.
Preloading 0 native plugins for Editor in 0.00 ms.
Unloading 2080 Unused Serialized files (Serialized files now loaded: 0)
System memory in use before: 92.8 MB.
System memory in use after: 92.8 MB.

Unloading 33 unused Assets to reduce memory usage. Loaded Objects now: 2513.
Total: 2.708300 ms (FindLiveObjects: 0.234600 ms CreateObjectMapping: 0.090900 ms MarkObjects: 2.225900 ms  DeleteObjects: 0.155700 ms)

========================================================================
Received Import Request.
  path: Assets
  artifactKey: Guid(00000000000000001000000000000000) Importer(815301076,1909f56bfc062723c751e8b465ee728b)
Start importing Assets using Guid(00000000000000001000000000000000) Importer(815301076,1909f56bfc062723c751e8b465ee728b)  -> (artifact id: '42d402b061de3733987d63b9cc3b64de') in 0.012851 seconds
  Import took 0.016676 seconds .

========================================================================
Received Import Request.
  Time since last request: 2.538563 seconds.
  path: Assets/Sprite
  artifactKey: Guid(72fc82535288ab94abd413716f6b2dfa) Importer(815301076,1909f56bfc062723c751e8b465ee728b)
Start importing Assets/Sprite using Guid(72fc82535288ab94abd413716f6b2dfa) Importer(815301076,1909f56bfc062723c751e8b465ee728b)  -> (artifact id: '138e738320f35def6edb9bc24dfac6a6') in 0.012268 seconds
  Import took 0.017277 seconds .

========================================================================
Received Import Request.
  Time since last request: 5.813070 seconds.
  path: Assets/Sprite/tile
  artifactKey: Guid(52d9db369957c3342a87564630be0077) Importer(815301076,1909f56bfc062723c751e8b465ee728b)
Start importing Assets/Sprite/tile using Guid(52d9db369957c3342a87564630be0077) Importer(815301076,1909f56bfc062723c751e8b465ee728b)  -> (artifact id: '41b803ac499e71bbda92d324b8037b96') in 0.012385 seconds
  Import took 0.018272 seconds .

========================================================================
Received Import Request.
  Time since last request: 8.398086 seconds.
  path: Assets/Sprite/tile/tiles-5.png
  artifactKey: Guid(0c96925e6410a78459e4f92fe7ca24a4) Importer(815301076,1909f56bfc062723c751e8b465ee728b)
Start importing Assets/Sprite/tile/tiles-5.png using Guid(0c96925e6410a78459e4f92fe7ca24a4) Importer(815301076,1909f56bfc062723c751e8b465ee728b)  -> (artifact id: '8a576dcda38ab38357414c8f7395e8f3') in 0.183784 seconds
  Import took 0.188820 seconds .

========================================================================
Received Import Request.
  Time since last request: 19.358862 seconds.
  path: Assets/Sprite/tile/tiles-5.png
  artifactKey: Guid(0c96925e6410a78459e4f92fe7ca24a4) Importer(815301076,1909f56bfc062723c751e8b465ee728b)
Start importing Assets/Sprite/tile/tiles-5.png using Guid(0c96925e6410a78459e4f92fe7ca24a4) Importer(815301076,1909f56bfc062723c751e8b465ee728b)  -> (artifact id: 'f6e535e589492704238e7fb9dd1d4a49') in 0.021302 seconds
  Import took 0.026349 seconds .

========================================================================
Received Import Request.
  Time since last request: 16.616751 seconds.
  path: Assets/Sprite/tile/tiles-5.png
  artifactKey: Guid(0c96925e6410a78459e4f92fe7ca24a4) Importer(815301076,1909f56bfc062723c751e8b465ee728b)
Start importing Assets/Sprite/tile/tiles-5.png using Guid(0c96925e6410a78459e4f92fe7ca24a4) Importer(815301076,1909f56bfc062723c751e8b465ee728b)  -> (artifact id: '5acaabcdc27922ffd10b4a63a0d90f86') in 0.024710 seconds
  Import took 0.031646 seconds .

========================================================================
Received Import Request.
  Time since last request: 51.211685 seconds.
  path: Assets/Sprite/tile/tiles-5.png
  artifactKey: Guid(0c96925e6410a78459e4f92fe7ca24a4) Importer(815301076,1909f56bfc062723c751e8b465ee728b)
Start importing Assets/Sprite/tile/tiles-5.png using Guid(0c96925e6410a78459e4f92fe7ca24a4) Importer(815301076,1909f56bfc062723c751e8b465ee728b)  -> (artifact id: 'a3f759769473e5646b585aeb4f4efbb8') in 0.025527 seconds
  Import took 0.031659 seconds .

========================================================================
Received Import Request.
  Time since last request: 63.902234 seconds.
  path: Assets/Sprite/tile/tiles-5.png
  artifactKey: Guid(0c96925e6410a78459e4f92fe7ca24a4) Importer(815301076,1909f56bfc062723c751e8b465ee728b)
Start importing Assets/Sprite/tile/tiles-5.png using Guid(0c96925e6410a78459e4f92fe7ca24a4) Importer(815301076,1909f56bfc062723c751e8b465ee728b)  -> (artifact id: 'de50f9e63c6ad583cb063e28712d6b1e') in 0.031153 seconds
  Import took 0.036034 seconds .

========================================================================
Received Import Request.
  Time since last request: 11.299834 seconds.
  path: Assets/Sprite/tile/tiles-5.png
  artifactKey: Guid(0c96925e6410a78459e4f92fe7ca24a4) Importer(815301076,1909f56bfc062723c751e8b465ee728b)
Start importing Assets/Sprite/tile/tiles-5.png using Guid(0c96925e6410a78459e4f92fe7ca24a4) Importer(815301076,1909f56bfc062723c751e8b465ee728b)  -> (artifact id: '0ee87b965a156eb35da08458999aae3a') in 0.023910 seconds
  Import took 0.028956 seconds .

========================================================================
Received Import Request.
  Time since last request: 7.923183 seconds.
  path: Assets/Sprite/tile/tiles-5.png
  artifactKey: Guid(0c96925e6410a78459e4f92fe7ca24a4) Importer(815301076,1909f56bfc062723c751e8b465ee728b)
Start importing Assets/Sprite/tile/tiles-5.png using Guid(0c96925e6410a78459e4f92fe7ca24a4) Importer(815301076,1909f56bfc062723c751e8b465ee728b)  -> (artifact id: 'eaa912927663078afff6f82f8d269077') in 0.613735 seconds
  Import took 0.620959 seconds .

========================================================================
Received Import Request.
  Time since last request: 27.598092 seconds.
  path: Assets/Sprite/tile/tiles-5.png
  artifactKey: Guid(0c96925e6410a78459e4f92fe7ca24a4) Importer(815301076,1909f56bfc062723c751e8b465ee728b)
Start importing Assets/Sprite/tile/tiles-5.png using Guid(0c96925e6410a78459e4f92fe7ca24a4) Importer(815301076,1909f56bfc062723c751e8b465ee728b)  -> (artifact id: '94173ed2a36665f7344393649245efc4') in 0.246524 seconds
  Import took 0.251166 seconds .

========================================================================
Received Import Request.
  Time since last request: 15.065382 seconds.
  path: Assets/Sprite/tile/tiles-5.png
  artifactKey: Guid(0c96925e6410a78459e4f92fe7ca24a4) Importer(815301076,1909f56bfc062723c751e8b465ee728b)
Start importing Assets/Sprite/tile/tiles-5.png using Guid(0c96925e6410a78459e4f92fe7ca24a4) Importer(815301076,1909f56bfc062723c751e8b465ee728b)  -> (artifact id: '0d4295c366196df1b8ccf9ed36101303') in 0.239509 seconds
  Import took 0.244059 seconds .

========================================================================
Received Import Request.
  Time since last request: 137.892593 seconds.
  path: ProjectSettings/TagManager.asset
  artifactKey: Guid(00000000000000003000000000000000) Importer(815301076,1909f56bfc062723c751e8b465ee728b)
Start importing ProjectSettings/TagManager.asset using Guid(00000000000000003000000000000000) Importer(815301076,1909f56bfc062723c751e8b465ee728b)  -> (artifact id: '95df672b4aaba54310d34c83eef51bb8') in 0.024427 seconds
  Import took 0.029888 seconds .

========================================================================
Received Import Request.
  Time since last request: 0.001161 seconds.
  path: ProjectSettings/TagManager.asset
  artifactKey: Guid(00000000000000003000000000000000) Importer(815301076,1909f56bfc062723c751e8b465ee728b)
Start importing ProjectSettings/TagManager.asset using Guid(00000000000000003000000000000000) Importer(815301076,1909f56bfc062723c751e8b465ee728b)  -> (artifact id: '95df672b4aaba54310d34c83eef51bb8') in 0.004652 seconds
  Import took 0.010552 seconds .

========================================================================
Received Import Request.
  Time since last request: 124.105934 seconds.
  path: Assets/prefabs
  artifactKey: Guid(5e34e1c6c81778b419ef2e235035f33f) Importer(815301076,1909f56bfc062723c751e8b465ee728b)
Start importing Assets/prefabs using Guid(5e34e1c6c81778b419ef2e235035f33f) Importer(815301076,1909f56bfc062723c751e8b465ee728b)  -> (artifact id: '5d77f4ace2329e9d03b6ffbae0fbd9d0') in 0.011969 seconds
  Import took 0.017663 seconds .

========================================================================
Received Import Request.
  Time since last request: 30.778580 seconds.
  path: Assets/prefabs/tiles.prefab
  artifactKey: Guid(ebef2d447c746b54d89153f0e21625e7) Importer(815301076,1909f56bfc062723c751e8b465ee728b)
Start importing Assets/prefabs/tiles.prefab using Guid(ebef2d447c746b54d89153f0e21625e7) Importer(815301076,1909f56bfc062723c751e8b465ee728b)  -> (artifact id: 'a9acf1934dec5c30d87760e74d0416ca') in 0.088597 seconds
  Import took 0.094338 seconds .

========================================================================
Received Import Request.
  Time since last request: 226.116285 seconds.
  path: Assets/prefabs/tiles 1.prefab
  artifactKey: Guid(1ce1ec161ab1f1349a48ca3264b53b8a) Importer(815301076,1909f56bfc062723c751e8b465ee728b)
Start importing Assets/prefabs/tiles 1.prefab using Guid(1ce1ec161ab1f1349a48ca3264b53b8a) Importer(815301076,1909f56bfc062723c751e8b465ee728b)  -> (artifact id: 'f54c48257c606806faf81c06cd6dcef7') in 0.034783 seconds
  Import took 0.045569 seconds .

========================================================================
Received Import Request.
  Time since last request: 314.044056 seconds.
  path: Assets/Sprite/player
  artifactKey: Guid(4409357df67659c41a25ce1ca96ab018) Importer(815301076,1909f56bfc062723c751e8b465ee728b)
Start importing Assets/Sprite/player using Guid(4409357df67659c41a25ce1ca96ab018) Importer(815301076,1909f56bfc062723c751e8b465ee728b)  -> (artifact id: '7e988fc97dec583379f746743a5bd9b7') in 0.012466 seconds
  Import took 0.018606 seconds .

========================================================================
Received Import Request.
  Time since last request: 62.718614 seconds.
  path: Assets/Sprite/player/characters.gif
  artifactKey: Guid(6e8be1ea29ee427418ce8f9923434f02) Importer(815301076,1909f56bfc062723c751e8b465ee728b)
Start importing Assets/Sprite/player/characters.gif using Guid(6e8be1ea29ee427418ce8f9923434f02) Importer(815301076,1909f56bfc062723c751e8b465ee728b)  -> (artifact id: 'fffba933bf8408139bd5357cf727646f') in 0.049077 seconds
  Import took 0.054721 seconds .

========================================================================
Received Import Request.
  Time since last request: 6.427817 seconds.
  path: Assets/Sprite/player/characters.gif
  artifactKey: Guid(6e8be1ea29ee427418ce8f9923434f02) Importer(815301076,1909f56bfc062723c751e8b465ee728b)
Start importing Assets/Sprite/player/characters.gif using Guid(6e8be1ea29ee427418ce8f9923434f02) Importer(815301076,1909f56bfc062723c751e8b465ee728b)  -> (artifact id: 'ee49ebe90f774493ae0c15392a31bd81') in 0.020895 seconds
  Import took 0.025666 seconds .

========================================================================
Received Import Request.
  Time since last request: 12.900773 seconds.
  path: Assets/Sprite/player/characters.gif
  artifactKey: Guid(6e8be1ea29ee427418ce8f9923434f02) Importer(815301076,1909f56bfc062723c751e8b465ee728b)
Start importing Assets/Sprite/player/characters.gif using Guid(6e8be1ea29ee427418ce8f9923434f02) Importer(815301076,1909f56bfc062723c751e8b465ee728b)  -> (artifact id: '420c68a06a2d25e0b92419b70fd091b5') in 0.461107 seconds
  Import took 0.466527 seconds .

========================================================================
Received Import Request.
  Time since last request: 8.347532 seconds.
  path: Assets/Sprite/player/characters.gif
  artifactKey: Guid(6e8be1ea29ee427418ce8f9923434f02) Importer(815301076,1909f56bfc062723c751e8b465ee728b)
Start importing Assets/Sprite/player/characters.gif using Guid(6e8be1ea29ee427418ce8f9923434f02) Importer(815301076,1909f56bfc062723c751e8b465ee728b)  -> (artifact id: 'c796db79c1c910bc881e3562b73482e7') in 0.452316 seconds
  Import took 0.457557 seconds .

========================================================================
Received Import Request.
  Time since last request: 19.773744 seconds.
  path: Assets/Sprite/player/characters.gif
  artifactKey: Guid(6e8be1ea29ee427418ce8f9923434f02) Importer(815301076,1909f56bfc062723c751e8b465ee728b)
Start importing Assets/Sprite/player/characters.gif using Guid(6e8be1ea29ee427418ce8f9923434f02) Importer(815301076,1909f56bfc062723c751e8b465ee728b)  -> (artifact id: '77f3734f095e03e84ac1767ebbb2f585') in 0.453300 seconds
  Import took 0.458391 seconds .

========================================================================
Received Import Request.
  Time since last request: 15.784907 seconds.
  path: Assets/Sprite/player/characters.gif
  artifactKey: Guid(6e8be1ea29ee427418ce8f9923434f02) Importer(815301076,1909f56bfc062723c751e8b465ee728b)
Start importing Assets/Sprite/player/characters.gif using Guid(6e8be1ea29ee427418ce8f9923434f02) Importer(815301076,1909f56bfc062723c751e8b465ee728b)  -> (artifact id: '17d22a2661220dbfd6231becd305df1e') in 0.436855 seconds
  Import took 0.443220 seconds .

========================================================================
Received Prepare
Registering precompiled user dll's ...
Registered in 0.007449 seconds.
Begin MonoManager ReloadAssembly
Native extension for WindowsStandalone target not found
Refreshing native plugins compatible for Editor in 0.58 ms, found 3 plugins.
Preloading 0 native plugins for Editor in 0.00 ms.
Mono: successfully reloaded assembly
- Completed reload, in  1.855 seconds
Platform modules already initialized, skipping
Refreshing native plugins compatible for Editor in 0.66 ms, found 3 plugins.
Preloading 0 native plugins for Editor in 0.00 ms.
Unloading 2075 Unused Serialized files (Serialized files now loaded: 0)
System memory in use before: 96.0 MB.
System memory in use after: 96.0 MB.

Unloading 23 unused Assets to reduce memory usage. Loaded Objects now: 2581.
Total: 3.554400 ms (FindLiveObjects: 0.323400 ms CreateObjectMapping: 0.163900 ms MarkObjects: 2.921300 ms  DeleteObjects: 0.144000 ms)

========================================================================
Received Import Request.
  Time since last request: 164.372123 seconds.
  path: Assets/Animaciones
  artifactKey: Guid(4f0cc9a40222acf48954e80c745bf491) Importer(815301076,1909f56bfc062723c751e8b465ee728b)
Start importing Assets/Animaciones using Guid(4f0cc9a40222acf48954e80c745bf491) Importer(815301076,1909f56bfc062723c751e8b465ee728b)  -> (artifact id: '1c82f028e6882596f2038e100dfceba2') in 0.015768 seconds
  Import took 0.022741 seconds .

========================================================================
Received Import Request.
  Time since last request: 14.691727 seconds.
  path: Assets/Animaciones/New Animation.anim
  artifactKey: Guid(a257a3d4187a18447b494d7ad368e0d3) Importer(815301076,1909f56bfc062723c751e8b465ee728b)
Start importing Assets/Animaciones/New Animation.anim using Guid(a257a3d4187a18447b494d7ad368e0d3) Importer(815301076,1909f56bfc062723c751e8b465ee728b)  -> (artifact id: '19fef1774c9274e105df13a10b4d664e') in 0.025993 seconds
  Import took 0.030450 seconds .

========================================================================
Received Import Request.
  Time since last request: 267.534329 seconds.
  path: Assets/Animaciones/mario.anim
  artifactKey: Guid(9d16426427dcd7c47af4e3d30e79ca65) Importer(815301076,1909f56bfc062723c751e8b465ee728b)
Start importing Assets/Animaciones/mario.anim using Guid(9d16426427dcd7c47af4e3d30e79ca65) Importer(815301076,1909f56bfc062723c751e8b465ee728b)  -> (artifact id: '0de44a65b53808b0ef7810b16e878199') in 0.012878 seconds
  Import took 0.019057 seconds .

========================================================================
Received Import Request.
  Time since last request: 0.003630 seconds.
  path: Assets/Animaciones/mario.anim
  artifactKey: Guid(9d16426427dcd7c47af4e3d30e79ca65) Importer(815301076,1909f56bfc062723c751e8b465ee728b)
Start importing Assets/Animaciones/mario.anim using Guid(9d16426427dcd7c47af4e3d30e79ca65) Importer(815301076,1909f56bfc062723c751e8b465ee728b)  -> (artifact id: '0de44a65b53808b0ef7810b16e878199') in 0.004112 seconds
  Import took 0.009095 seconds .

========================================================================
Received Prepare
Registering precompiled user dll's ...
Registered in 0.007626 seconds.
Begin MonoManager ReloadAssembly
Native extension for WindowsStandalone target not found
Refreshing native plugins compatible for Editor in 0.81 ms, found 3 plugins.
Preloading 0 native plugins for Editor in 0.00 ms.
Mono: successfully reloaded assembly
- Completed reload, in  1.341 seconds
Platform modules already initialized, skipping
Refreshing native plugins compatible for Editor in 0.55 ms, found 3 plugins.
Preloading 0 native plugins for Editor in 0.00 ms.
Unloading 2075 Unused Serialized files (Serialized files now loaded: 0)
System memory in use before: 96.1 MB.
System memory in use after: 96.1 MB.

Unloading 21 unused Assets to reduce memory usage. Loaded Objects now: 2585.
Total: 2.876100 ms (FindLiveObjects: 0.240100 ms CreateObjectMapping: 0.097700 ms MarkObjects: 2.398700 ms  DeleteObjects: 0.138200 ms)

========================================================================
Received Import Request.
  Time since last request: 279.359237 seconds.
  path: Assets/Sprite/tile/tiles-5.png
  artifactKey: Guid(0c96925e6410a78459e4f92fe7ca24a4) Importer(815301076,1909f56bfc062723c751e8b465ee728b)
Start importing Assets/Sprite/tile/tiles-5.png using Guid(0c96925e6410a78459e4f92fe7ca24a4) Importer(815301076,1909f56bfc062723c751e8b465ee728b)  -> (artifact id: '39a07300e9a5a0d4fb7a5cd51118886f') in 0.311751 seconds
  Import took 0.316944 seconds .

========================================================================
Received Import Request.
  Time since last request: 15.679036 seconds.
  path: Assets/Sprite/player/characters.gif
  artifactKey: Guid(6e8be1ea29ee427418ce8f9923434f02) Importer(815301076,1909f56bfc062723c751e8b465ee728b)
Start importing Assets/Sprite/player/characters.gif using Guid(6e8be1ea29ee427418ce8f9923434f02) Importer(815301076,1909f56bfc062723c751e8b465ee728b)  -> (artifact id: '99a5e80a0d79ad9313f17244bf1c01d8') in 0.633871 seconds
  Import took 0.646883 seconds .

========================================================================
Received Prepare
Registering precompiled user dll's ...
Registered in 0.005959 seconds.
Begin MonoManager ReloadAssembly
Native extension for WindowsStandalone target not found
Refreshing native plugins compatible for Editor in 0.50 ms, found 3 plugins.
Preloading 0 native plugins for Editor in 0.00 ms.
Mono: successfully reloaded assembly
- Completed reload, in  1.333 seconds
Platform modules already initialized, skipping
Refreshing native plugins compatible for Editor in 0.50 ms, found 3 plugins.
Preloading 0 native plugins for Editor in 0.00 ms.
Unloading 2075 Unused Serialized files (Serialized files now loaded: 0)
System memory in use before: 96.2 MB.
System memory in use after: 96.2 MB.

Unloading 21 unused Assets to reduce memory usage. Loaded Objects now: 2590.
Total: 2.473100 ms (FindLiveObjects: 0.198600 ms CreateObjectMapping: 0.082400 ms MarkObjects: 2.073600 ms  DeleteObjects: 0.117100 ms)

========================================================================
Received Prepare
Registering precompiled user dll's ...
Registered in 0.005209 seconds.
Begin MonoManager ReloadAssembly
Native extension for WindowsStandalone target not found
Refreshing native plugins compatible for Editor in 0.57 ms, found 3 plugins.
Preloading 0 native plugins for Editor in 0.00 ms.
Mono: successfully reloaded assembly
- Completed reload, in  1.508 seconds
Platform modules already initialized, skipping
Refreshing native plugins compatible for Editor in 0.56 ms, found 3 plugins.
Preloading 0 native plugins for Editor in 0.00 ms.
Unloading 2075 Unused Serialized files (Serialized files now loaded: 0)
System memory in use before: 96.2 MB.
System memory in use after: 96.2 MB.

Unloading 21 unused Assets to reduce memory usage. Loaded Objects now: 2594.
Total: 4.552600 ms (FindLiveObjects: 0.297100 ms CreateObjectMapping: 0.167400 ms MarkObjects: 3.957700 ms  DeleteObjects: 0.128900 ms)

========================================================================
Received Prepare
Registering precompiled user dll's ...
Registered in 0.007037 seconds.
Begin MonoManager ReloadAssembly
Native extension for WindowsStandalone target not found
Refreshing native plugins compatible for Editor in 0.48 ms, found 3 plugins.
Preloading 0 native plugins for Editor in 0.00 ms.
Mono: successfully reloaded assembly
- Completed reload, in  1.267 seconds
Platform modules already initialized, skipping
Refreshing native plugins compatible for Editor in 0.65 ms, found 3 plugins.
Preloading 0 native plugins for Editor in 0.00 ms.
Unloading 2075 Unused Serialized files (Serialized files now loaded: 0)
System memory in use before: 96.2 MB.
System memory in use after: 96.2 MB.

Unloading 21 unused Assets to reduce memory usage. Loaded Objects now: 2598.
Total: 3.105800 ms (FindLiveObjects: 0.255500 ms CreateObjectMapping: 0.114000 ms MarkObjects: 2.595900 ms  DeleteObjects: 0.138900 ms)

========================================================================
Received Prepare
Registering precompiled user dll's ...
Registered in 0.005293 seconds.
Begin MonoManager ReloadAssembly
Native extension for WindowsStandalone target not found
Refreshing native plugins compatible for Editor in 0.50 ms, found 3 plugins.
Preloading 0 native plugins for Editor in 0.00 ms.
Mono: successfully reloaded assembly
- Completed reload, in  1.181 seconds
Platform modules already initialized, skipping
Refreshing native plugins compatible for Editor in 0.55 ms, found 3 plugins.
Preloading 0 native plugins for Editor in 0.00 ms.
Unloading 2075 Unused Serialized files (Serialized files now loaded: 0)
System memory in use before: 96.2 MB.
System memory in use after: 96.2 MB.

Unloading 21 unused Assets to reduce memory usage. Loaded Objects now: 2602.
Total: 2.511800 ms (FindLiveObjects: 0.229200 ms CreateObjectMapping: 0.096000 ms MarkObjects: 2.074300 ms  DeleteObjects: 0.110900 ms)

========================================================================
Received Import Request.
  Time since last request: 1358.397489 seconds.
  path: Assets/script
  artifactKey: Guid(57db08ce205d77c43b9b0fed1e006a05) Importer(815301076,1909f56bfc062723c751e8b465ee728b)
Start importing Assets/script using Guid(57db08ce205d77c43b9b0fed1e006a05) Importer(815301076,1909f56bfc062723c751e8b465ee728b)  -> (artifact id: '3b5f800bd36c964653d5c01ead9ea46b') in 0.016724 seconds
  Import took 0.022037 seconds .

========================================================================
Received Import Request.
  Time since last request: 10.424404 seconds.
  path: Assets/script/player.cs
  artifactKey: Guid(d30889e048591d34890d0e0e2df925ad) Importer(815301076,1909f56bfc062723c751e8b465ee728b)
Start importing Assets/script/player.cs using Guid(d30889e048591d34890d0e0e2df925ad) Importer(815301076,1909f56bfc062723c751e8b465ee728b)  -> (artifact id: '8010762dfa1620c14b0ef648c5204b82') in 0.023811 seconds
  Import took 0.028556 seconds .

========================================================================
Received Prepare
Registering precompiled user dll's ...
Registered in 0.006108 seconds.
Begin MonoManager ReloadAssembly
Native extension for WindowsStandalone target not found
Refreshing native plugins compatible for Editor in 0.65 ms, found 3 plugins.
Preloading 0 native plugins for Editor in 0.00 ms.
Mono: successfully reloaded assembly
- Completed reload, in  1.585 seconds
Platform modules already initialized, skipping
Refreshing native plugins compatible for Editor in 0.58 ms, found 3 plugins.
Preloading 0 native plugins for Editor in 0.00 ms.
Unloading 2076 Unused Serialized files (Serialized files now loaded: 0)
System memory in use before: 96.3 MB.
System memory in use after: 96.2 MB.

Unloading 21 unused Assets to reduce memory usage. Loaded Objects now: 2607.
Total: 3.081200 ms (FindLiveObjects: 0.306100 ms CreateObjectMapping: 0.114500 ms MarkObjects: 2.527600 ms  DeleteObjects: 0.131300 ms)

========================================================================
Received Import Request.
  Time since last request: 3788.661369 seconds.
  path: Assets/script/player.cs
  artifactKey: Guid(d30889e048591d34890d0e0e2df925ad) Importer(815301076,1909f56bfc062723c751e8b465ee728b)
Start importing Assets/script/player.cs using Guid(d30889e048591d34890d0e0e2df925ad) Importer(815301076,1909f56bfc062723c751e8b465ee728b)  -> (artifact id: '9ab7d01dc2056073d975204924dffe2a') in 0.023421 seconds
  Import took 0.031633 seconds .

========================================================================
Received Prepare
Registering precompiled user dll's ...
Registered in 0.007104 seconds.
Begin MonoManager ReloadAssembly
Native extension for WindowsStandalone target not found
Refreshing native plugins compatible for Editor in 0.71 ms, found 3 plugins.
Preloading 0 native plugins for Editor in 0.00 ms.
Mono: successfully reloaded assembly
- Completed reload, in  1.510 seconds
Platform modules already initialized, skipping
Refreshing native plugins compatible for Editor in 0.70 ms, found 3 plugins.
Preloading 0 native plugins for Editor in 0.00 ms.
Unloading 2076 Unused Serialized files (Serialized files now loaded: 0)
System memory in use before: 96.3 MB.
System memory in use after: 96.3 MB.

Unloading 21 unused Assets to reduce memory usage. Loaded Objects now: 2611.
Total: 3.692600 ms (FindLiveObjects: 0.352500 ms CreateObjectMapping: 0.141600 ms MarkObjects: 3.027200 ms  DeleteObjects: 0.169600 ms)

========================================================================
Received Import Request.
  Time since last request: 176.459932 seconds.
  path: Assets/script/player.cs
  artifactKey: Guid(d30889e048591d34890d0e0e2df925ad) Importer(815301076,1909f56bfc062723c751e8b465ee728b)
Start importing Assets/script/player.cs using Guid(d30889e048591d34890d0e0e2df925ad) Importer(815301076,1909f56bfc062723c751e8b465ee728b)  -> (artifact id: '8e57d55e0aee025097b806a0f5429cff') in 0.006906 seconds
  Import took 0.012133 seconds .

========================================================================
Received Prepare
Registering precompiled user dll's ...
Registered in 0.004959 seconds.
Begin MonoManager ReloadAssembly
Native extension for WindowsStandalone target not found
Refreshing native plugins compatible for Editor in 0.57 ms, found 3 plugins.
Preloading 0 native plugins for Editor in 0.00 ms.
Mono: successfully reloaded assembly
- Completed reload, in  1.378 seconds
Platform modules already initialized, skipping
Refreshing native plugins compatible for Editor in 0.48 ms, found 3 plugins.
Preloading 0 native plugins for Editor in 0.00 ms.
Unloading 2076 Unused Serialized files (Serialized files now loaded: 0)
System memory in use before: 96.3 MB.
System memory in use after: 96.3 MB.

Unloading 21 unused Assets to reduce memory usage. Loaded Objects now: 2615.
Total: 2.484900 ms (FindLiveObjects: 0.214500 ms CreateObjectMapping: 0.085200 ms MarkObjects: 1.938400 ms  DeleteObjects: 0.245700 ms)

========================================================================
Received Prepare
Registering precompiled user dll's ...
Registered in 0.006157 seconds.
Begin MonoManager ReloadAssembly
Native extension for WindowsStandalone target not found
Refreshing native plugins compatible for Editor in 0.54 ms, found 3 plugins.
Preloading 0 native plugins for Editor in 0.00 ms.
Mono: successfully reloaded assembly
- Completed reload, in  1.534 seconds
Platform modules already initialized, skipping
Refreshing native plugins compatible for Editor in 0.50 ms, found 3 plugins.
Preloading 0 native plugins for Editor in 0.00 ms.
Unloading 2076 Unused Serialized files (Serialized files now loaded: 0)
System memory in use before: 96.3 MB.
System memory in use after: 96.3 MB.

Unloading 21 unused Assets to reduce memory usage. Loaded Objects now: 2619.
Total: 3.467400 ms (FindLiveObjects: 0.232600 ms CreateObjectMapping: 0.093300 ms MarkObjects: 2.926200 ms  DeleteObjects: 0.213700 ms)

========================================================================
Received Prepare
Registering precompiled user dll's ...
Registered in 0.008349 seconds.
Begin MonoManager ReloadAssembly
Native extension for WindowsStandalone target not found
Refreshing native plugins compatible for Editor in 0.68 ms, found 3 plugins.
Preloading 0 native plugins for Editor in 0.00 ms.
Mono: successfully reloaded assembly
- Completed reload, in  1.830 seconds
Platform modules already initialized, skipping
Refreshing native plugins compatible for Editor in 0.55 ms, found 3 plugins.
Preloading 0 native plugins for Editor in 0.00 ms.
Unloading 2076 Unused Serialized files (Serialized files now loaded: 0)
System memory in use before: 96.3 MB.
System memory in use after: 96.3 MB.

Unloading 21 unused Assets to reduce memory usage. Loaded Objects now: 2623.
Total: 2.778600 ms (FindLiveObjects: 0.248500 ms CreateObjectMapping: 0.097700 ms MarkObjects: 2.306200 ms  DeleteObjects: 0.125100 ms)

========================================================================
Received Prepare
Registering precompiled user dll's ...
Registered in 0.005072 seconds.
Begin MonoManager ReloadAssembly
Native extension for WindowsStandalone target not found
Refreshing native plugins compatible for Editor in 0.45 ms, found 3 plugins.
Preloading 0 native plugins for Editor in 0.00 ms.
Mono: successfully reloaded assembly
- Completed reload, in  1.064 seconds
Platform modules already initialized, skipping
Refreshing native plugins compatible for Editor in 0.44 ms, found 3 plugins.
Preloading 0 native plugins for Editor in 0.00 ms.
Unloading 2076 Unused Serialized files (Serialized files now loaded: 0)
System memory in use before: 96.3 MB.
System memory in use after: 96.3 MB.

Unloading 21 unused Assets to reduce memory usage. Loaded Objects now: 2627.
Total: 2.999000 ms (FindLiveObjects: 0.197700 ms CreateObjectMapping: 0.080700 ms MarkObjects: 2.602800 ms  DeleteObjects: 0.116700 ms)

========================================================================
Received Prepare
Registering precompiled user dll's ...
Registered in 0.006194 seconds.
Begin MonoManager ReloadAssembly
Native extension for WindowsStandalone target not found
Refreshing native plugins compatible for Editor in 0.56 ms, found 3 plugins.
Preloading 0 native plugins for Editor in 0.00 ms.
Mono: successfully reloaded assembly
- Completed reload, in  1.489 seconds
Platform modules already initialized, skipping
Refreshing native plugins compatible for Editor in 1.33 ms, found 3 plugins.
Preloading 0 native plugins for Editor in 0.00 ms.
Unloading 2076 Unused Serialized files (Serialized files now loaded: 0)
System memory in use before: 96.3 MB.
System memory in use after: 96.3 MB.

Unloading 21 unused Assets to reduce memory usage. Loaded Objects now: 2631.
Total: 6.122500 ms (FindLiveObjects: 0.346700 ms CreateObjectMapping: 0.172700 ms MarkObjects: 5.386900 ms  DeleteObjects: 0.213600 ms)

========================================================================
Received Prepare
Registering precompiled user dll's ...
Registered in 0.005947 seconds.
Begin MonoManager ReloadAssembly
Native extension for WindowsStandalone target not found
Refreshing native plugins compatible for Editor in 0.52 ms, found 3 plugins.
Preloading 0 native plugins for Editor in 0.00 ms.
Mono: successfully reloaded assembly
- Completed reload, in  1.452 seconds
Platform modules already initialized, skipping
Refreshing native plugins compatible for Editor in 0.59 ms, found 3 plugins.
Preloading 0 native plugins for Editor in 0.00 ms.
Unloading 2076 Unused Serialized files (Serialized files now loaded: 0)
System memory in use before: 96.3 MB.
System memory in use after: 96.3 MB.

Unloading 21 unused Assets to reduce memory usage. Loaded Objects now: 2635.
Total: 3.010600 ms (FindLiveObjects: 0.248100 ms CreateObjectMapping: 0.088900 ms MarkObjects: 2.500600 ms  DeleteObjects: 0.171600 ms)

========================================================================
Received Prepare
Registering precompiled user dll's ...
Registered in 0.004660 seconds.
Begin MonoManager ReloadAssembly
Native extension for WindowsStandalone target not found
Refreshing native plugins compatible for Editor in 0.48 ms, found 3 plugins.
Preloading 0 native plugins for Editor in 0.00 ms.
Mono: successfully reloaded assembly
- Completed reload, in  1.322 seconds
Platform modules already initialized, skipping
Refreshing native plugins compatible for Editor in 0.49 ms, found 3 plugins.
Preloading 0 native plugins for Editor in 0.00 ms.
Unloading 2076 Unused Serialized files (Serialized files now loaded: 0)
System memory in use before: 96.3 MB.
System memory in use after: 96.3 MB.

Unloading 21 unused Assets to reduce memory usage. Loaded Objects now: 2639.
Total: 2.676000 ms (FindLiveObjects: 0.224300 ms CreateObjectMapping: 0.092800 ms MarkObjects: 2.223500 ms  DeleteObjects: 0.134200 ms)

========================================================================
Received Prepare
Registering precompiled user dll's ...
Registered in 0.009168 seconds.
Begin MonoManager ReloadAssembly
Native extension for WindowsStandalone target not found
Refreshing native plugins compatible for Editor in 0.57 ms, found 3 plugins.
Preloading 0 native plugins for Editor in 0.00 ms.
Mono: successfully reloaded assembly
- Completed reload, in  1.473 seconds
Platform modules already initialized, skipping
Refreshing native plugins compatible for Editor in 0.70 ms, found 3 plugins.
Preloading 0 native plugins for Editor in 0.00 ms.
Unloading 2076 Unused Serialized files (Serialized files now loaded: 0)
System memory in use before: 96.3 MB.
System memory in use after: 96.3 MB.

Unloading 21 unused Assets to reduce memory usage. Loaded Objects now: 2643.
Total: 4.928000 ms (FindLiveObjects: 0.427300 ms CreateObjectMapping: 0.141500 ms MarkObjects: 4.176600 ms  DeleteObjects: 0.180500 ms)

========================================================================
Received Prepare
Registering precompiled user dll's ...
Registered in 0.005208 seconds.
Begin MonoManager ReloadAssembly
Native extension for WindowsStandalone target not found
Refreshing native plugins compatible for Editor in 0.46 ms, found 3 plugins.
Preloading 0 native plugins for Editor in 0.00 ms.
Mono: successfully reloaded assembly
- Completed reload, in  1.468 seconds
Platform modules already initialized, skipping
Refreshing native plugins compatible for Editor in 0.56 ms, found 3 plugins.
Preloading 0 native plugins for Editor in 0.00 ms.
Unloading 2076 Unused Serialized files (Serialized files now loaded: 0)
System memory in use before: 96.4 MB.
System memory in use after: 96.3 MB.

Unloading 21 unused Assets to reduce memory usage. Loaded Objects now: 2647.
Total: 3.063300 ms (FindLiveObjects: 0.260400 ms CreateObjectMapping: 0.133700 ms MarkObjects: 2.422900 ms  DeleteObjects: 0.245000 ms)

========================================================================
Received Prepare
Registering precompiled user dll's ...
Registered in 0.008318 seconds.
Begin MonoManager ReloadAssembly
Native extension for WindowsStandalone target not found
Refreshing native plugins compatible for Editor in 0.71 ms, found 3 plugins.
Preloading 0 native plugins for Editor in 0.00 ms.
Mono: successfully reloaded assembly
- Completed reload, in  1.480 seconds
Platform modules already initialized, skipping
Refreshing native plugins compatible for Editor in 0.66 ms, found 3 plugins.
Preloading 0 native plugins for Editor in 0.00 ms.
Unloading 2076 Unused Serialized files (Serialized files now loaded: 0)
System memory in use before: 96.4 MB.
System memory in use after: 96.3 MB.

Unloading 21 unused Assets to reduce memory usage. Loaded Objects now: 2651.
Total: 4.273300 ms (FindLiveObjects: 0.477200 ms CreateObjectMapping: 0.199800 ms MarkObjects: 3.428400 ms  DeleteObjects: 0.166000 ms)

========================================================================
Received Prepare
Registering precompiled user dll's ...
Registered in 0.007529 seconds.
Begin MonoManager ReloadAssembly
Native extension for WindowsStandalone target not found
Refreshing native plugins compatible for Editor in 0.59 ms, found 3 plugins.
Preloading 0 native plugins for Editor in 0.00 ms.
Mono: successfully reloaded assembly
- Completed reload, in  1.413 seconds
Platform modules already initialized, skipping
Refreshing native plugins compatible for Editor in 0.54 ms, found 3 plugins.
Preloading 0 native plugins for Editor in 0.00 ms.
Unloading 2076 Unused Serialized files (Serialized files now loaded: 0)
System memory in use before: 96.4 MB.
System memory in use after: 96.4 MB.

Unloading 21 unused Assets to reduce memory usage. Loaded Objects now: 2655.
Total: 2.753400 ms (FindLiveObjects: 0.260300 ms CreateObjectMapping: 0.115400 ms MarkObjects: 2.258800 ms  DeleteObjects: 0.117900 ms)

========================================================================
Received Prepare
Registering precompiled user dll's ...
Registered in 0.004916 seconds.
Begin MonoManager ReloadAssembly
Native extension for WindowsStandalone target not found
Refreshing native plugins compatible for Editor in 0.58 ms, found 3 plugins.
Preloading 0 native plugins for Editor in 0.00 ms.
Mono: successfully reloaded assembly
- Completed reload, in  1.408 seconds
Platform modules already initialized, skipping
Refreshing native plugins compatible for Editor in 0.55 ms, found 3 plugins.
Preloading 0 native plugins for Editor in 0.00 ms.
Unloading 2076 Unused Serialized files (Serialized files now loaded: 0)
System memory in use before: 96.4 MB.
System memory in use after: 96.4 MB.

Unloading 21 unused Assets to reduce memory usage. Loaded Objects now: 2659.
Total: 2.827600 ms (FindLiveObjects: 0.253000 ms CreateObjectMapping: 0.113500 ms MarkObjects: 2.313700 ms  DeleteObjects: 0.146200 ms)

========================================================================
Received Prepare
Registering precompiled user dll's ...
Registered in 0.008882 seconds.
Begin MonoManager ReloadAssembly
Native extension for WindowsStandalone target not found
Refreshing native plugins compatible for Editor in 0.94 ms, found 3 plugins.
Preloading 0 native plugins for Editor in 0.00 ms.
Mono: successfully reloaded assembly
- Completed reload, in  1.566 seconds
Platform modules already initialized, skipping
Refreshing native plugins compatible for Editor in 0.60 ms, found 3 plugins.
Preloading 0 native plugins for Editor in 0.00 ms.
Unloading 2076 Unused Serialized files (Serialized files now loaded: 0)
System memory in use before: 96.4 MB.
System memory in use after: 96.4 MB.

Unloading 21 unused Assets to reduce memory usage. Loaded Objects now: 2663.
Total: 2.823800 ms (FindLiveObjects: 0.254800 ms CreateObjectMapping: 0.100300 ms MarkObjects: 2.339000 ms  DeleteObjects: 0.128500 ms)

========================================================================
Received Import Request.
  Time since last request: 1411.828214 seconds.
  path: Assets/Sprite/Artur/13662.png
  artifactKey: Guid(a6c03ffa13dbd0344b049f6e6ec8593c) Importer(815301076,1909f56bfc062723c751e8b465ee728b)
Start importing Assets/Sprite/Artur/13662.png using Guid(a6c03ffa13dbd0344b049f6e6ec8593c) Importer(815301076,1909f56bfc062723c751e8b465ee728b)  -> (artifact id: 'e65db59b085b5046aff0bec8f113b1df') in 0.082484 seconds
  Import took 0.087640 seconds .

========================================================================
Received Import Request.
  Time since last request: 7.439002 seconds.
  path: Assets/Sprite/Artur/13662.png
  artifactKey: Guid(a6c03ffa13dbd0344b049f6e6ec8593c) Importer(815301076,1909f56bfc062723c751e8b465ee728b)
Start importing Assets/Sprite/Artur/13662.png using Guid(a6c03ffa13dbd0344b049f6e6ec8593c) Importer(815301076,1909f56bfc062723c751e8b465ee728b)  -> (artifact id: 'dfd5034b47e03f147588ec48c69522e8') in 0.021115 seconds
  Import took 0.026856 seconds .

========================================================================
Received Import Request.
  Time since last request: 13.793416 seconds.
  path: Assets/Sprite/Artur/13662.png
  artifactKey: Guid(a6c03ffa13dbd0344b049f6e6ec8593c) Importer(815301076,1909f56bfc062723c751e8b465ee728b)
Start importing Assets/Sprite/Artur/13662.png using Guid(a6c03ffa13dbd0344b049f6e6ec8593c) Importer(815301076,1909f56bfc062723c751e8b465ee728b)  -> (artifact id: '71d45efe91420f091be43e6eb534c24a') in 0.024449 seconds
  Import took 0.029819 seconds .

========================================================================
Received Import Request.
  Time since last request: 301.576661 seconds.
  path: Assets/Sprite/Artur/sirartur.png
  artifactKey: Guid(eaa7ae37bc30ca64eba801b3b119a816) Importer(815301076,1909f56bfc062723c751e8b465ee728b)
Start importing Assets/Sprite/Artur/sirartur.png using Guid(eaa7ae37bc30ca64eba801b3b119a816) Importer(815301076,1909f56bfc062723c751e8b465ee728b)  -> (artifact id: '74afb0d8a90ad4d5c42517758efd733f') in 0.073896 seconds
  Import took 0.080625 seconds .

========================================================================
Received Import Request.
  Time since last request: 12.459539 seconds.
  path: Assets/Sprite/Artur/sirartur.png
  artifactKey: Guid(eaa7ae37bc30ca64eba801b3b119a816) Importer(815301076,1909f56bfc062723c751e8b465ee728b)
Start importing Assets/Sprite/Artur/sirartur.png using Guid(eaa7ae37bc30ca64eba801b3b119a816) Importer(815301076,1909f56bfc062723c751e8b465ee728b)  -> (artifact id: 'cae38df27608b8e1768b8492d1a47b9d') in 0.021212 seconds
  Import took 0.026392 seconds .

========================================================================
Received Import Request.
  Time since last request: 157.977179 seconds.
  path: Assets/Sprite/Artur/sirartur.png
  artifactKey: Guid(eaa7ae37bc30ca64eba801b3b119a816) Importer(815301076,1909f56bfc062723c751e8b465ee728b)
Start importing Assets/Sprite/Artur/sirartur.png using Guid(eaa7ae37bc30ca64eba801b3b119a816) Importer(815301076,1909f56bfc062723c751e8b465ee728b)  -> (artifact id: 'f0d940e1fbcee6fc5b583531f0807e31') in 0.281848 seconds
  Import took 0.286845 seconds .

========================================================================
Received Import Request.
  Time since last request: 43.392660 seconds.
  path: Assets/Sprite/Artur/sirartur.png
  artifactKey: Guid(eaa7ae37bc30ca64eba801b3b119a816) Importer(815301076,1909f56bfc062723c751e8b465ee728b)
Start importing Assets/Sprite/Artur/sirartur.png using Guid(eaa7ae37bc30ca64eba801b3b119a816) Importer(815301076,1909f56bfc062723c751e8b465ee728b)  -> (artifact id: '94f5133fb6a253a70158049f586366d7') in 0.209797 seconds
  Import took 0.215068 seconds .

========================================================================
Received Import Request.
  Time since last request: 11.373447 seconds.
  path: Assets/Sprite/Artur/sirartur.png
  artifactKey: Guid(eaa7ae37bc30ca64eba801b3b119a816) Importer(815301076,1909f56bfc062723c751e8b465ee728b)
Start importing Assets/Sprite/Artur/sirartur.png using Guid(eaa7ae37bc30ca64eba801b3b119a816) Importer(815301076,1909f56bfc062723c751e8b465ee728b)  -> (artifact id: '3a999c755ed3ad824b6e2cf9e1a4b163') in 0.145774 seconds
  Import took 0.150312 seconds .

========================================================================
Received Import Request.
  Time since last request: 7.822297 seconds.
  path: Assets/Sprite/Artur/sirartur.png
  artifactKey: Guid(eaa7ae37bc30ca64eba801b3b119a816) Importer(815301076,1909f56bfc062723c751e8b465ee728b)
Start importing Assets/Sprite/Artur/sirartur.png using Guid(eaa7ae37bc30ca64eba801b3b119a816) Importer(815301076,1909f56bfc062723c751e8b465ee728b)  -> (artifact id: '04b7ec782c01b4d6bf123232bb8dde2a') in 0.197523 seconds
  Import took 0.202564 seconds .

========================================================================
Received Import Request.
  Time since last request: 44.107165 seconds.
  path: Assets/Sprite/Artur/sirartur.png
  artifactKey: Guid(eaa7ae37bc30ca64eba801b3b119a816) Importer(815301076,1909f56bfc062723c751e8b465ee728b)
Start importing Assets/Sprite/Artur/sirartur.png using Guid(eaa7ae37bc30ca64eba801b3b119a816) Importer(815301076,1909f56bfc062723c751e8b465ee728b)  -> (artifact id: 'a27d524449d85fbc28396ac459d50b7c') in 0.213635 seconds
  Import took 0.219093 seconds .

========================================================================
Received Import Request.
  Time since last request: 0.000505 seconds.
  path: Assets/Sprite/Artur/sirartur.png
  artifactKey: Guid(eaa7ae37bc30ca64eba801b3b119a816) Importer(815301076,1909f56bfc062723c751e8b465ee728b)
Start importing Assets/Sprite/Artur/sirartur.png using Guid(eaa7ae37bc30ca64eba801b3b119a816) Importer(815301076,1909f56bfc062723c751e8b465ee728b)  -> (artifact id: 'a27d524449d85fbc28396ac459d50b7c') in 0.205170 seconds
  Import took 0.210855 seconds .

========================================================================
Received Prepare
Registering precompiled user dll's ...
Registered in 0.007509 seconds.
Begin MonoManager ReloadAssembly
Native extension for WindowsStandalone target not found
Refreshing native plugins compatible for Editor in 0.69 ms, found 3 plugins.
Preloading 0 native plugins for Editor in 0.00 ms.
Mono: successfully reloaded assembly
- Completed reload, in  1.653 seconds
Platform modules already initialized, skipping
Refreshing native plugins compatible for Editor in 0.58 ms, found 3 plugins.
Preloading 0 native plugins for Editor in 0.00 ms.
Unloading 2076 Unused Serialized files (Serialized files now loaded: 0)
System memory in use before: 96.8 MB.
System memory in use after: 96.8 MB.

Unloading 21 unused Assets to reduce memory usage. Loaded Objects now: 2794.
Total: 3.091700 ms (FindLiveObjects: 0.353200 ms CreateObjectMapping: 0.137700 ms MarkObjects: 2.469200 ms  DeleteObjects: 0.130200 ms)

========================================================================
Received Prepare
Registering precompiled user dll's ...
Registered in 0.005249 seconds.
Begin MonoManager ReloadAssembly
Native extension for WindowsStandalone target not found
Refreshing native plugins compatible for Editor in 0.53 ms, found 3 plugins.
Preloading 0 native plugins for Editor in 0.00 ms.
Mono: successfully reloaded assembly
- Completed reload, in  1.439 seconds
Platform modules already initialized, skipping
Refreshing native plugins compatible for Editor in 0.59 ms, found 3 plugins.
Preloading 0 native plugins for Editor in 0.00 ms.
Unloading 2076 Unused Serialized files (Serialized files now loaded: 0)
System memory in use before: 96.8 MB.
System memory in use after: 96.9 MB.

Unloading 21 unused Assets to reduce memory usage. Loaded Objects now: 2798.
Total: 3.310500 ms (FindLiveObjects: 0.329700 ms CreateObjectMapping: 0.133800 ms MarkObjects: 2.703600 ms  DeleteObjects: 0.142000 ms)

========================================================================
Received Prepare
Registering precompiled user dll's ...
Registered in 0.005804 seconds.
Begin MonoManager ReloadAssembly
Native extension for WindowsStandalone target not found
Refreshing native plugins compatible for Editor in 0.55 ms, found 3 plugins.
Preloading 0 native plugins for Editor in 0.00 ms.
Mono: successfully reloaded assembly
- Completed reload, in  1.394 seconds
Platform modules already initialized, skipping
Refreshing native plugins compatible for Editor in 0.62 ms, found 3 plugins.
Preloading 0 native plugins for Editor in 0.00 ms.
Unloading 2076 Unused Serialized files (Serialized files now loaded: 0)
System memory in use before: 96.8 MB.
System memory in use after: 96.9 MB.

Unloading 21 unused Assets to reduce memory usage. Loaded Objects now: 2802.
Total: 3.394900 ms (FindLiveObjects: 0.523500 ms CreateObjectMapping: 0.203100 ms MarkObjects: 2.508000 ms  DeleteObjects: 0.158700 ms)

========================================================================
Received Prepare
Registering precompiled user dll's ...
Registered in 0.005396 seconds.
Begin MonoManager ReloadAssembly
Native extension for WindowsStandalone target not found
Refreshing native plugins compatible for Editor in 0.55 ms, found 3 plugins.
Preloading 0 native plugins for Editor in 0.00 ms.
Mono: successfully reloaded assembly
- Completed reload, in  1.453 seconds
Platform modules already initialized, skipping
Refreshing native plugins compatible for Editor in 0.61 ms, found 3 plugins.
Preloading 0 native plugins for Editor in 0.00 ms.
Unloading 2076 Unused Serialized files (Serialized files now loaded: 0)
System memory in use before: 96.8 MB.
System memory in use after: 96.9 MB.

Unloading 21 unused Assets to reduce memory usage. Loaded Objects now: 2806.
Total: 3.063600 ms (FindLiveObjects: 0.313300 ms CreateObjectMapping: 0.117300 ms MarkObjects: 2.501600 ms  DeleteObjects: 0.130100 ms)

========================================================================
Received Prepare
Registering precompiled user dll's ...
Registered in 0.007245 seconds.
Begin MonoManager ReloadAssembly
Native extension for WindowsStandalone target not found
Refreshing native plugins compatible for Editor in 0.66 ms, found 3 plugins.
Preloading 0 native plugins for Editor in 0.00 ms.
Mono: successfully reloaded assembly
- Completed reload, in  1.697 seconds
Platform modules already initialized, skipping
Refreshing native plugins compatible for Editor in 0.66 ms, found 3 plugins.
Preloading 0 native plugins for Editor in 0.00 ms.
Unloading 2076 Unused Serialized files (Serialized files now loaded: 0)
System memory in use before: 96.8 MB.
System memory in use after: 96.9 MB.

Unloading 21 unused Assets to reduce memory usage. Loaded Objects now: 2810.
Total: 3.869600 ms (FindLiveObjects: 0.383600 ms CreateObjectMapping: 0.149800 ms MarkObjects: 3.183400 ms  DeleteObjects: 0.151000 ms)

========================================================================
Received Prepare
Registering precompiled user dll's ...
Registered in 0.005688 seconds.
Begin MonoManager ReloadAssembly
Native extension for WindowsStandalone target not found
Refreshing native plugins compatible for Editor in 0.53 ms, found 3 plugins.
Preloading 0 native plugins for Editor in 0.00 ms.
Mono: successfully reloaded assembly
- Completed reload, in  1.290 seconds
Platform modules already initialized, skipping
Refreshing native plugins compatible for Editor in 0.77 ms, found 3 plugins.
Preloading 0 native plugins for Editor in 0.00 ms.
Unloading 2076 Unused Serialized files (Serialized files now loaded: 0)
System memory in use before: 96.8 MB.
System memory in use after: 96.9 MB.

Unloading 21 unused Assets to reduce memory usage. Loaded Objects now: 2814.
Total: 3.943700 ms (FindLiveObjects: 0.417300 ms CreateObjectMapping: 0.182900 ms MarkObjects: 3.144500 ms  DeleteObjects: 0.196400 ms)

========================================================================
Received Prepare
Registering precompiled user dll's ...
Registered in 0.007588 seconds.
Begin MonoManager ReloadAssembly
Native extension for WindowsStandalone target not found
Refreshing native plugins compatible for Editor in 0.73 ms, found 3 plugins.
Preloading 0 native plugins for Editor in 0.00 ms.
Mono: successfully reloaded assembly
- Completed reload, in  1.520 seconds
Platform modules already initialized, skipping
Refreshing native plugins compatible for Editor in 0.68 ms, found 3 plugins.
Preloading 0 native plugins for Editor in 0.00 ms.
Unloading 2076 Unused Serialized files (Serialized files now loaded: 0)
System memory in use before: 96.8 MB.
System memory in use after: 96.9 MB.

Unloading 21 unused Assets to reduce memory usage. Loaded Objects now: 2818.
Total: 4.305600 ms (FindLiveObjects: 0.401800 ms CreateObjectMapping: 0.141700 ms MarkObjects: 3.556600 ms  DeleteObjects: 0.203500 ms)

========================================================================
Received Prepare
Registering precompiled user dll's ...
Registered in 0.004865 seconds.
Begin MonoManager ReloadAssembly
Native extension for WindowsStandalone target not found
Refreshing native plugins compatible for Editor in 0.49 ms, found 3 plugins.
Preloading 0 native plugins for Editor in 0.00 ms.
Mono: successfully reloaded assembly
- Completed reload, in  1.270 seconds
Platform modules already initialized, skipping
Refreshing native plugins compatible for Editor in 0.65 ms, found 3 plugins.
Preloading 0 native plugins for Editor in 0.00 ms.
Unloading 2076 Unused Serialized files (Serialized files now loaded: 0)
System memory in use before: 96.8 MB.
System memory in use after: 96.9 MB.

Unloading 21 unused Assets to reduce memory usage. Loaded Objects now: 2822.
Total: 3.569700 ms (FindLiveObjects: 0.333700 ms CreateObjectMapping: 0.138500 ms MarkObjects: 2.935600 ms  DeleteObjects: 0.160400 ms)

========================================================================
Received Import Request.
  Time since last request: 300.133481 seconds.
  path: Assets/script/player.cs
  artifactKey: Guid(d30889e048591d34890d0e0e2df925ad) Importer(815301076,1909f56bfc062723c751e8b465ee728b)
Start importing Assets/script/player.cs using Guid(d30889e048591d34890d0e0e2df925ad) Importer(815301076,1909f56bfc062723c751e8b465ee728b)  -> (artifact id: 'ccd0066614e37c7dd6bd710153972e58') in 0.008229 seconds
  Import took 0.013870 seconds .

========================================================================
Received Import Request.
  Time since last request: 0.000821 seconds.
  path: Assets/script/player.cs
  artifactKey: Guid(d30889e048591d34890d0e0e2df925ad) Importer(815301076,1909f56bfc062723c751e8b465ee728b)
Start importing Assets/script/player.cs using Guid(d30889e048591d34890d0e0e2df925ad) Importer(815301076,1909f56bfc062723c751e8b465ee728b)  -> (artifact id: 'ccd0066614e37c7dd6bd710153972e58') in 0.004150 seconds
  Import took 0.010301 seconds .

========================================================================
Received Import Request.
  Time since last request: 220.841540 seconds.
  path: Assets/script/player.cs
  artifactKey: Guid(d30889e048591d34890d0e0e2df925ad) Importer(815301076,1909f56bfc062723c751e8b465ee728b)
Start importing Assets/script/player.cs using Guid(d30889e048591d34890d0e0e2df925ad) Importer(815301076,1909f56bfc062723c751e8b465ee728b)  -> (artifact id: '1b7cd8a3f41204a5dc30f4cf5e327628') in 0.004311 seconds
  Import took 0.012086 seconds .

========================================================================
Received Prepare
Registering precompiled user dll's ...
Registered in 0.005430 seconds.
Begin MonoManager ReloadAssembly
Native extension for WindowsStandalone target not found
Refreshing native plugins compatible for Editor in 0.52 ms, found 3 plugins.
Preloading 0 native plugins for Editor in 0.00 ms.
Mono: successfully reloaded assembly
- Completed reload, in  1.540 seconds
Platform modules already initialized, skipping
Refreshing native plugins compatible for Editor in 0.59 ms, found 3 plugins.
Preloading 0 native plugins for Editor in 0.00 ms.
Unloading 2076 Unused Serialized files (Serialized files now loaded: 0)
System memory in use before: 96.8 MB.
System memory in use after: 96.9 MB.

Unloading 21 unused Assets to reduce memory usage. Loaded Objects now: 2826.
Total: 4.181000 ms (FindLiveObjects: 0.400900 ms CreateObjectMapping: 0.150100 ms MarkObjects: 3.366000 ms  DeleteObjects: 0.260200 ms)

========================================================================
Received Prepare
Registering precompiled user dll's ...
Registered in 0.006079 seconds.
Begin MonoManager ReloadAssembly
Native extension for WindowsStandalone target not found
Refreshing native plugins compatible for Editor in 0.51 ms, found 3 plugins.
Preloading 0 native plugins for Editor in 0.00 ms.
Mono: successfully reloaded assembly
- Completed reload, in  1.514 seconds
Platform modules already initialized, skipping
Refreshing native plugins compatible for Editor in 0.69 ms, found 3 plugins.
Preloading 0 native plugins for Editor in 0.00 ms.
Unloading 2076 Unused Serialized files (Serialized files now loaded: 0)
System memory in use before: 96.8 MB.
System memory in use after: 96.9 MB.

Unloading 21 unused Assets to reduce memory usage. Loaded Objects now: 2830.
Total: 3.387600 ms (FindLiveObjects: 0.330900 ms CreateObjectMapping: 0.170000 ms MarkObjects: 2.735300 ms  DeleteObjects: 0.150100 ms)

========================================================================
Received Prepare
Registering precompiled user dll's ...
Registered in 0.006043 seconds.
Begin MonoManager ReloadAssembly
Native extension for WindowsStandalone target not found
Refreshing native plugins compatible for Editor in 0.52 ms, found 3 plugins.
Preloading 0 native plugins for Editor in 0.00 ms.
Mono: successfully reloaded assembly
- Completed reload, in  1.606 seconds
Platform modules already initialized, skipping
Refreshing native plugins compatible for Editor in 0.63 ms, found 3 plugins.
Preloading 0 native plugins for Editor in 0.00 ms.
Unloading 2076 Unused Serialized files (Serialized files now loaded: 0)
System memory in use before: 96.9 MB.
System memory in use after: 96.9 MB.

Unloading 21 unused Assets to reduce memory usage. Loaded Objects now: 2834.
Total: 3.079700 ms (FindLiveObjects: 0.286200 ms CreateObjectMapping: 0.108900 ms MarkObjects: 2.565000 ms  DeleteObjects: 0.118500 ms)

========================================================================
Received Prepare
Registering precompiled user dll's ...
Registered in 0.006651 seconds.
Begin MonoManager ReloadAssembly
Native extension for WindowsStandalone target not found
Refreshing native plugins compatible for Editor in 0.62 ms, found 3 plugins.
Preloading 0 native plugins for Editor in 0.00 ms.
Mono: successfully reloaded assembly
- Completed reload, in  1.543 seconds
Platform modules already initialized, skipping
Refreshing native plugins compatible for Editor in 0.63 ms, found 3 plugins.
Preloading 0 native plugins for Editor in 0.00 ms.
Unloading 2076 Unused Serialized files (Serialized files now loaded: 0)
System memory in use before: 96.9 MB.
System memory in use after: 96.9 MB.

Unloading 21 unused Assets to reduce memory usage. Loaded Objects now: 2838.
Total: 4.456200 ms (FindLiveObjects: 0.442400 ms CreateObjectMapping: 0.173200 ms MarkObjects: 3.658000 ms  DeleteObjects: 0.179800 ms)

========================================================================
Received Prepare
Registering precompiled user dll's ...
Registered in 0.004998 seconds.
Begin MonoManager ReloadAssembly
Native extension for WindowsStandalone target not found
Refreshing native plugins compatible for Editor in 0.68 ms, found 3 plugins.
Preloading 0 native plugins for Editor in 0.00 ms.
Mono: successfully reloaded assembly
- Completed reload, in  1.941 seconds
Platform modules already initialized, skipping
Refreshing native plugins compatible for Editor in 0.89 ms, found 3 plugins.
Preloading 0 native plugins for Editor in 0.00 ms.
Unloading 2076 Unused Serialized files (Serialized files now loaded: 0)
System memory in use before: 96.9 MB.
System memory in use after: 96.9 MB.

Unloading 21 unused Assets to reduce memory usage. Loaded Objects now: 2842.
Total: 4.091100 ms (FindLiveObjects: 0.395400 ms CreateObjectMapping: 0.162800 ms MarkObjects: 3.297800 ms  DeleteObjects: 0.233000 ms)

========================================================================
Received Prepare
Registering precompiled user dll's ...
Registered in 0.006755 seconds.
Begin MonoManager ReloadAssembly
Native extension for WindowsStandalone target not found
Refreshing native plugins compatible for Editor in 0.78 ms, found 3 plugins.
Preloading 0 native plugins for Editor in 0.00 ms.
Mono: successfully reloaded assembly
- Completed reload, in  1.880 seconds
Platform modules already initialized, skipping
Refreshing native plugins compatible for Editor in 0.85 ms, found 3 plugins.
Preloading 0 native plugins for Editor in 0.00 ms.
Unloading 2076 Unused Serialized files (Serialized files now loaded: 0)
System memory in use before: 96.9 MB.
System memory in use after: 97.0 MB.

Unloading 21 unused Assets to reduce memory usage. Loaded Objects now: 2846.
Total: 4.936100 ms (FindLiveObjects: 0.481300 ms CreateObjectMapping: 0.220700 ms MarkObjects: 3.879700 ms  DeleteObjects: 0.352000 ms)

========================================================================
Received Prepare
Registering precompiled user dll's ...
Registered in 0.007393 seconds.
Begin MonoManager ReloadAssembly
Native extension for WindowsStandalone target not found
Refreshing native plugins compatible for Editor in 0.82 ms, found 3 plugins.
Preloading 0 native plugins for Editor in 0.00 ms.
Mono: successfully reloaded assembly
- Completed reload, in  1.671 seconds
Platform modules already initialized, skipping
Refreshing native plugins compatible for Editor in 0.83 ms, found 3 plugins.
Preloading 0 native plugins for Editor in 0.00 ms.
Unloading 2076 Unused Serialized files (Serialized files now loaded: 0)
System memory in use before: 96.9 MB.
System memory in use after: 97.0 MB.

Unloading 21 unused Assets to reduce memory usage. Loaded Objects now: 2850.
Total: 4.050700 ms (FindLiveObjects: 0.463200 ms CreateObjectMapping: 0.178700 ms MarkObjects: 3.239800 ms  DeleteObjects: 0.166900 ms)

========================================================================
Received Import Request.
  Time since last request: 327.789500 seconds.
  path: Assets/Animaciones/mario.anim
  artifactKey: Guid(9d16426427dcd7c47af4e3d30e79ca65) Importer(815301076,1909f56bfc062723c751e8b465ee728b)
Start importing Assets/Animaciones/mario.anim using Guid(9d16426427dcd7c47af4e3d30e79ca65) Importer(815301076,1909f56bfc062723c751e8b465ee728b)  -> (artifact id: '1bf2c4dd35a642f4261c0d864f7912e4') in 0.026474 seconds
  Import took 0.032269 seconds .

========================================================================
Received Import Request.
  Time since last request: 0.549566 seconds.
  path: Assets/Animaciones/characters_14.controller
  artifactKey: Guid(98ec69e3340022945bb3a9d2c1175216) Importer(815301076,1909f56bfc062723c751e8b465ee728b)
Start importing Assets/Animaciones/characters_14.controller using Guid(98ec69e3340022945bb3a9d2c1175216) Importer(815301076,1909f56bfc062723c751e8b465ee728b)  -> (artifact id: '69cbbc97d443c9e0c352f8d06f42c84d') in 0.022438 seconds
  Import took 0.028090 seconds .

========================================================================
Received Prepare
Registering precompiled user dll's ...
Registered in 0.006003 seconds.
Begin MonoManager ReloadAssembly
Native extension for WindowsStandalone target not found
Refreshing native plugins compatible for Editor in 0.58 ms, found 3 plugins.
Preloading 0 native plugins for Editor in 0.00 ms.
Mono: successfully reloaded assembly
- Completed reload, in  1.310 seconds
Platform modules already initialized, skipping
Refreshing native plugins compatible for Editor in 0.48 ms, found 3 plugins.
Preloading 0 native plugins for Editor in 0.00 ms.
Unloading 2076 Unused Serialized files (Serialized files now loaded: 0)
System memory in use before: 96.9 MB.
System memory in use after: 97.0 MB.

Unloading 21 unused Assets to reduce memory usage. Loaded Objects now: 2854.
Total: 2.697300 ms (FindLiveObjects: 0.284600 ms CreateObjectMapping: 0.112800 ms MarkObjects: 2.179100 ms  DeleteObjects: 0.119500 ms)

========================================================================
Received Import Request.
  Time since last request: 60.558937 seconds.
  path: Assets/Sprite/Artur/ArturRun.anim
  artifactKey: Guid(fec92421754a748469f646bd0088580f) Importer(815301076,1909f56bfc062723c751e8b465ee728b)
Start importing Assets/Sprite/Artur/ArturRun.anim using Guid(fec92421754a748469f646bd0088580f) Importer(815301076,1909f56bfc062723c751e8b465ee728b)  -> (artifact id: 'f5addf40b2c0800fda39cba5f4d08255') in 0.029378 seconds
  Import took 0.034348 seconds .

========================================================================
Received Import Request.
  Time since last request: 21.632337 seconds.
  path: Assets/Sprite/Artur/ArturIdle.anim
  artifactKey: Guid(f594c5759b845f74bbe4f24e5601e896) Importer(815301076,1909f56bfc062723c751e8b465ee728b)
Start importing Assets/Sprite/Artur/ArturIdle.anim using Guid(f594c5759b845f74bbe4f24e5601e896) Importer(815301076,1909f56bfc062723c751e8b465ee728b)  -> (artifact id: '12c6bf6f3f72f6a8c1d9763a6af19929') in 0.013238 seconds
  Import took 0.018504 seconds .

========================================================================
Received Import Request.
  Time since last request: 0.002483 seconds.
  path: Assets/Sprite/Artur/ArturIdle.anim
  artifactKey: Guid(f594c5759b845f74bbe4f24e5601e896) Importer(815301076,1909f56bfc062723c751e8b465ee728b)
Start importing Assets/Sprite/Artur/ArturIdle.anim using Guid(f594c5759b845f74bbe4f24e5601e896) Importer(815301076,1909f56bfc062723c751e8b465ee728b)  -> (artifact id: '12c6bf6f3f72f6a8c1d9763a6af19929') in 0.004864 seconds
  Import took 0.010953 seconds .

========================================================================
Received Import Request.
  Time since last request: 115.883811 seconds.
  path: Assets/Animaciones/ArturAnimatorController.controller
  artifactKey: Guid(7c931d488b142364b953f8fd12e86a00) Importer(815301076,1909f56bfc062723c751e8b465ee728b)
Start importing Assets/Animaciones/ArturAnimatorController.controller using Guid(7c931d488b142364b953f8fd12e86a00) Importer(815301076,1909f56bfc062723c751e8b465ee728b)  -> (artifact id: 'a5c572ebe83b05ff643d0ac3b67d8fe3') in 0.016000 seconds
  Import took 0.024293 seconds .

========================================================================
Received Prepare
Registering precompiled user dll's ...
Registered in 0.007404 seconds.
Begin MonoManager ReloadAssembly
Native extension for WindowsStandalone target not found
Refreshing native plugins compatible for Editor in 0.65 ms, found 3 plugins.
Preloading 0 native plugins for Editor in 0.00 ms.
Mono: successfully reloaded assembly
- Completed reload, in  1.525 seconds
Platform modules already initialized, skipping
Refreshing native plugins compatible for Editor in 0.58 ms, found 3 plugins.
Preloading 0 native plugins for Editor in 0.00 ms.
Unloading 2076 Unused Serialized files (Serialized files now loaded: 0)
System memory in use before: 96.9 MB.
System memory in use after: 97.0 MB.

Unloading 21 unused Assets to reduce memory usage. Loaded Objects now: 2858.
Total: 5.158500 ms (FindLiveObjects: 0.409600 ms CreateObjectMapping: 0.188200 ms MarkObjects: 4.384500 ms  DeleteObjects: 0.173800 ms)

========================================================================
Received Import Request.
  Time since last request: 342.724358 seconds.
  path: Assets/script/player.cs
  artifactKey: Guid(d30889e048591d34890d0e0e2df925ad) Importer(815301076,1909f56bfc062723c751e8b465ee728b)
Start importing Assets/script/player.cs using Guid(d30889e048591d34890d0e0e2df925ad) Importer(815301076,1909f56bfc062723c751e8b465ee728b)  -> (artifact id: 'e23b2e7e4dc6d5059a84301140c39a93') in 0.008411 seconds
  Import took 0.013214 seconds .

========================================================================
Received Import Request.
  Time since last request: 90.670212 seconds.
  path: Assets/script/player.cs
  artifactKey: Guid(d30889e048591d34890d0e0e2df925ad) Importer(815301076,1909f56bfc062723c751e8b465ee728b)
Start importing Assets/script/player.cs using Guid(d30889e048591d34890d0e0e2df925ad) Importer(815301076,1909f56bfc062723c751e8b465ee728b)  -> (artifact id: '1ebf056add01ffa9b95e0f5138028b13') in 0.006116 seconds
  Import took 0.017317 seconds .

========================================================================
Received Import Request.
  Time since last request: 32.434750 seconds.
  path: Assets/script/player.cs
  artifactKey: Guid(d30889e048591d34890d0e0e2df925ad) Importer(815301076,1909f56bfc062723c751e8b465ee728b)
Start importing Assets/script/player.cs using Guid(d30889e048591d34890d0e0e2df925ad) Importer(815301076,1909f56bfc062723c751e8b465ee728b)  -> (artifact id: '02b544d1c9535b7d331bc1a2b138f66a') in 0.004567 seconds
  Import took 0.014424 seconds .

========================================================================
Received Prepare
Registering precompiled user dll's ...
Registered in 0.005527 seconds.
Begin MonoManager ReloadAssembly
Native extension for WindowsStandalone target not found
Refreshing native plugins compatible for Editor in 0.58 ms, found 3 plugins.
Preloading 0 native plugins for Editor in 0.00 ms.
Mono: successfully reloaded assembly
- Completed reload, in  1.511 seconds
Platform modules already initialized, skipping
Refreshing native plugins compatible for Editor in 0.55 ms, found 3 plugins.
Preloading 0 native plugins for Editor in 0.00 ms.
Unloading 2076 Unused Serialized files (Serialized files now loaded: 0)
System memory in use before: 96.9 MB.
System memory in use after: 97.0 MB.

Unloading 21 unused Assets to reduce memory usage. Loaded Objects now: 2862.
Total: 3.423200 ms (FindLiveObjects: 0.349800 ms CreateObjectMapping: 0.148200 ms MarkObjects: 2.762600 ms  DeleteObjects: 0.161300 ms)

========================================================================
Received Import Request.
  Time since last request: 22.653478 seconds.
  path: Assets/script/player.cs
  artifactKey: Guid(d30889e048591d34890d0e0e2df925ad) Importer(815301076,1909f56bfc062723c751e8b465ee728b)
Start importing Assets/script/player.cs using Guid(d30889e048591d34890d0e0e2df925ad) Importer(815301076,1909f56bfc062723c751e8b465ee728b)  -> (artifact id: 'f478552e537eeeb10396dcf752a15a90') in 0.007617 seconds
  Import took 0.014419 seconds .

========================================================================
Received Import Request.
  Time since last request: 0.009189 seconds.
  path: Assets/script/player.cs
  artifactKey: Guid(d30889e048591d34890d0e0e2df925ad) Importer(815301076,1909f56bfc062723c751e8b465ee728b)
Start importing Assets/script/player.cs using Guid(d30889e048591d34890d0e0e2df925ad) Importer(815301076,1909f56bfc062723c751e8b465ee728b)  -> (artifact id: 'f478552e537eeeb10396dcf752a15a90') in 0.003678 seconds
  Import took 0.009049 seconds .

========================================================================
Received Prepare
Registering precompiled user dll's ...
Registered in 0.005400 seconds.
Begin MonoManager ReloadAssembly
Native extension for WindowsStandalone target not found
Refreshing native plugins compatible for Editor in 0.58 ms, found 3 plugins.
Preloading 0 native plugins for Editor in 0.00 ms.
Mono: successfully reloaded assembly
- Completed reload, in  1.352 seconds
Platform modules already initialized, skipping
Refreshing native plugins compatible for Editor in 0.61 ms, found 3 plugins.
Preloading 0 native plugins for Editor in 0.00 ms.
Unloading 2076 Unused Serialized files (Serialized files now loaded: 0)
System memory in use before: 96.9 MB.
System memory in use after: 97.0 MB.

Unloading 21 unused Assets to reduce memory usage. Loaded Objects now: 2866.
Total: 3.792700 ms (FindLiveObjects: 0.372300 ms CreateObjectMapping: 0.152800 ms MarkObjects: 3.047500 ms  DeleteObjects: 0.218600 ms)

========================================================================
Received Prepare
Registering precompiled user dll's ...
Registered in 0.006550 seconds.
Begin MonoManager ReloadAssembly
Native extension for WindowsStandalone target not found
Refreshing native plugins compatible for Editor in 0.84 ms, found 3 plugins.
Preloading 0 native plugins for Editor in 0.00 ms.
Mono: successfully reloaded assembly
- Completed reload, in  1.636 seconds
Platform modules already initialized, skipping
Refreshing native plugins compatible for Editor in 0.71 ms, found 3 plugins.
Preloading 0 native plugins for Editor in 0.00 ms.
Unloading 2076 Unused Serialized files (Serialized files now loaded: 0)
System memory in use before: 96.9 MB.
System memory in use after: 97.0 MB.

Unloading 21 unused Assets to reduce memory usage. Loaded Objects now: 2870.
Total: 4.582000 ms (FindLiveObjects: 0.471800 ms CreateObjectMapping: 0.200700 ms MarkObjects: 3.665200 ms  DeleteObjects: 0.240200 ms)

========================================================================
Received Prepare
Registering precompiled user dll's ...
Registered in 0.006163 seconds.
Begin MonoManager ReloadAssembly
Native extension for WindowsStandalone target not found
Refreshing native plugins compatible for Editor in 0.52 ms, found 3 plugins.
Preloading 0 native plugins for Editor in 0.00 ms.
Mono: successfully reloaded assembly
- Completed reload, in  1.297 seconds
Platform modules already initialized, skipping
Refreshing native plugins compatible for Editor in 0.65 ms, found 3 plugins.
Preloading 0 native plugins for Editor in 0.00 ms.
Unloading 2076 Unused Serialized files (Serialized files now loaded: 0)
System memory in use before: 96.9 MB.
System memory in use after: 97.0 MB.

Unloading 21 unused Assets to reduce memory usage. Loaded Objects now: 2874.
Total: 3.473100 ms (FindLiveObjects: 0.314600 ms CreateObjectMapping: 0.128200 ms MarkObjects: 2.860000 ms  DeleteObjects: 0.168800 ms)

========================================================================
Received Import Request.
  Time since last request: 498.938342 seconds.
  path: Assets/Animaciones/ArturAnimatorController.controller
  artifactKey: Guid(7c931d488b142364b953f8fd12e86a00) Importer(815301076,1909f56bfc062723c751e8b465ee728b)
Start importing Assets/Animaciones/ArturAnimatorController.controller using Guid(7c931d488b142364b953f8fd12e86a00) Importer(815301076,1909f56bfc062723c751e8b465ee728b)  -> (artifact id: 'd03cee5c14d0e890289c71be4a09d8a2') in 0.020934 seconds
  Import took 0.025979 seconds .

========================================================================
Received Prepare
Registering precompiled user dll's ...
Registered in 0.007352 seconds.
Begin MonoManager ReloadAssembly
Native extension for WindowsStandalone target not found
Refreshing native plugins compatible for Editor in 0.49 ms, found 3 plugins.
Preloading 0 native plugins for Editor in 0.00 ms.
Mono: successfully reloaded assembly
- Completed reload, in  1.382 seconds
Platform modules already initialized, skipping
Refreshing native plugins compatible for Editor in 0.53 ms, found 3 plugins.
Preloading 0 native plugins for Editor in 0.00 ms.
Unloading 2076 Unused Serialized files (Serialized files now loaded: 0)
System memory in use before: 97.0 MB.
System memory in use after: 97.0 MB.

Unloading 21 unused Assets to reduce memory usage. Loaded Objects now: 2878.
Total: 2.872500 ms (FindLiveObjects: 0.293900 ms CreateObjectMapping: 0.106200 ms MarkObjects: 2.336700 ms  DeleteObjects: 0.134400 ms)

========================================================================
Received Prepare
Registering precompiled user dll's ...
Registered in 0.005828 seconds.
Begin MonoManager ReloadAssembly
Native extension for WindowsStandalone target not found
Refreshing native plugins compatible for Editor in 0.56 ms, found 3 plugins.
Preloading 0 native plugins for Editor in 0.00 ms.
Mono: successfully reloaded assembly
- Completed reload, in  1.271 seconds
Platform modules already initialized, skipping
Refreshing native plugins compatible for Editor in 1.18 ms, found 3 plugins.
Preloading 0 native plugins for Editor in 0.00 ms.
Unloading 2076 Unused Serialized files (Serialized files now loaded: 0)
System memory in use before: 97.0 MB.
System memory in use after: 97.0 MB.

Unloading 21 unused Assets to reduce memory usage. Loaded Objects now: 2882.
Total: 2.782900 ms (FindLiveObjects: 0.261200 ms CreateObjectMapping: 0.118500 ms MarkObjects: 2.271700 ms  DeleteObjects: 0.130500 ms)

========================================================================
Received Prepare
Registering precompiled user dll's ...
Registered in 0.005364 seconds.
Begin MonoManager ReloadAssembly
Native extension for WindowsStandalone target not found
Refreshing native plugins compatible for Editor in 0.55 ms, found 3 plugins.
Preloading 0 native plugins for Editor in 0.00 ms.
Mono: successfully reloaded assembly
- Completed reload, in  1.490 seconds
Platform modules already initialized, skipping
Refreshing native plugins compatible for Editor in 0.53 ms, found 3 plugins.
Preloading 0 native plugins for Editor in 0.00 ms.
Unloading 2076 Unused Serialized files (Serialized files now loaded: 0)
System memory in use before: 97.0 MB.
System memory in use after: 97.1 MB.

Unloading 21 unused Assets to reduce memory usage. Loaded Objects now: 2886.
Total: 3.076800 ms (FindLiveObjects: 0.278200 ms CreateObjectMapping: 0.116500 ms MarkObjects: 2.562600 ms  DeleteObjects: 0.118300 ms)

========================================================================
Received Prepare
Registering precompiled user dll's ...
Registered in 0.006977 seconds.
Begin MonoManager ReloadAssembly
Native extension for WindowsStandalone target not found
Refreshing native plugins compatible for Editor in 0.59 ms, found 3 plugins.
Preloading 0 native plugins for Editor in 0.00 ms.
Mono: successfully reloaded assembly
- Completed reload, in  1.374 seconds
Platform modules already initialized, skipping
Refreshing native plugins compatible for Editor in 0.55 ms, found 3 plugins.
Preloading 0 native plugins for Editor in 0.00 ms.
Unloading 2076 Unused Serialized files (Serialized files now loaded: 0)
System memory in use before: 97.0 MB.
System memory in use after: 97.1 MB.

Unloading 21 unused Assets to reduce memory usage. Loaded Objects now: 2890.
Total: 3.120200 ms (FindLiveObjects: 0.303900 ms CreateObjectMapping: 0.100300 ms MarkObjects: 2.577700 ms  DeleteObjects: 0.137200 ms)

========================================================================
Received Import Request.
  Time since last request: 205.178719 seconds.
  path: Assets/Animaciones/ArturRun.anim
  artifactKey: Guid(fec92421754a748469f646bd0088580f) Importer(815301076,1909f56bfc062723c751e8b465ee728b)
Start importing Assets/Animaciones/ArturRun.anim using Guid(fec92421754a748469f646bd0088580f) Importer(815301076,1909f56bfc062723c751e8b465ee728b)  -> (artifact id: 'b1bd40dacaee1703d15c29de35306156') in 0.019120 seconds
  Import took 0.024105 seconds .

========================================================================
Received Prepare
Registering precompiled user dll's ...
Registered in 0.006374 seconds.
Begin MonoManager ReloadAssembly
Native extension for WindowsStandalone target not found
Refreshing native plugins compatible for Editor in 0.55 ms, found 3 plugins.
Preloading 0 native plugins for Editor in 0.00 ms.
Mono: successfully reloaded assembly
- Completed reload, in  1.397 seconds
Platform modules already initialized, skipping
Refreshing native plugins compatible for Editor in 0.57 ms, found 3 plugins.
Preloading 0 native plugins for Editor in 0.00 ms.
Unloading 2076 Unused Serialized files (Serialized files now loaded: 0)
System memory in use before: 97.0 MB.
System memory in use after: 97.1 MB.

Unloading 21 unused Assets to reduce memory usage. Loaded Objects now: 2894.
Total: 4.464400 ms (FindLiveObjects: 0.362200 ms CreateObjectMapping: 0.193600 ms MarkObjects: 3.709900 ms  DeleteObjects: 0.197000 ms)

========================================================================
Received Prepare
Registering precompiled user dll's ...
Registered in 0.006840 seconds.
Begin MonoManager ReloadAssembly
Native extension for WindowsStandalone target not found
Refreshing native plugins compatible for Editor in 0.60 ms, found 3 plugins.
Preloading 0 native plugins for Editor in 0.00 ms.
Mono: successfully reloaded assembly
- Completed reload, in  1.566 seconds
Platform modules already initialized, skipping
Refreshing native plugins compatible for Editor in 0.68 ms, found 3 plugins.
Preloading 0 native plugins for Editor in 0.00 ms.
Unloading 2076 Unused Serialized files (Serialized files now loaded: 0)
System memory in use before: 97.0 MB.
System memory in use after: 97.1 MB.

Unloading 21 unused Assets to reduce memory usage. Loaded Objects now: 2898.
Total: 3.304900 ms (FindLiveObjects: 0.332200 ms CreateObjectMapping: 0.117200 ms MarkObjects: 2.701300 ms  DeleteObjects: 0.152800 ms)

========================================================================
Received Import Request.
  Time since last request: 102.216394 seconds.
  path: Assets/Animaciones/ArturIdle.anim
  artifactKey: Guid(f594c5759b845f74bbe4f24e5601e896) Importer(815301076,1909f56bfc062723c751e8b465ee728b)
Start importing Assets/Animaciones/ArturIdle.anim using Guid(f594c5759b845f74bbe4f24e5601e896) Importer(815301076,1909f56bfc062723c751e8b465ee728b)  -> (artifact id: '0aa4737d0af7e9c5e193db4c00b0a17c') in 0.022902 seconds
  Import took 0.028227 seconds .

========================================================================
Received Prepare
Registering precompiled user dll's ...
Registered in 0.006975 seconds.
Begin MonoManager ReloadAssembly
Native extension for WindowsStandalone target not found
Refreshing native plugins compatible for Editor in 0.49 ms, found 3 plugins.
Preloading 0 native plugins for Editor in 0.00 ms.
Mono: successfully reloaded assembly
- Completed reload, in  1.275 seconds
Platform modules already initialized, skipping
Refreshing native plugins compatible for Editor in 0.57 ms, found 3 plugins.
Preloading 0 native plugins for Editor in 0.00 ms.
Unloading 2076 Unused Serialized files (Serialized files now loaded: 0)
System memory in use before: 97.0 MB.
System memory in use after: 97.1 MB.

Unloading 21 unused Assets to reduce memory usage. Loaded Objects now: 2902.
Total: 3.016300 ms (FindLiveObjects: 0.312300 ms CreateObjectMapping: 0.133100 ms MarkObjects: 2.370200 ms  DeleteObjects: 0.199100 ms)

========================================================================
Received Prepare
Registering precompiled user dll's ...
Registered in 0.005027 seconds.
Begin MonoManager ReloadAssembly
Native extension for WindowsStandalone target not found
Refreshing native plugins compatible for Editor in 0.77 ms, found 3 plugins.
Preloading 0 native plugins for Editor in 0.00 ms.
Mono: successfully reloaded assembly
- Completed reload, in  1.410 seconds
Platform modules already initialized, skipping
Refreshing native plugins compatible for Editor in 0.77 ms, found 3 plugins.
Preloading 0 native plugins for Editor in 0.00 ms.
Unloading 2076 Unused Serialized files (Serialized files now loaded: 0)
System memory in use before: 97.0 MB.
System memory in use after: 97.1 MB.

Unloading 21 unused Assets to reduce memory usage. Loaded Objects now: 2906.
Total: 4.230200 ms (FindLiveObjects: 0.344400 ms CreateObjectMapping: 0.129500 ms MarkObjects: 3.555200 ms  DeleteObjects: 0.199600 ms)

========================================================================
Received Prepare
Registering precompiled user dll's ...
Registered in 0.009478 seconds.
Begin MonoManager ReloadAssembly
Native extension for WindowsStandalone target not found
Refreshing native plugins compatible for Editor in 0.88 ms, found 3 plugins.
Preloading 0 native plugins for Editor in 0.00 ms.
Mono: successfully reloaded assembly
- Completed reload, in  1.703 seconds
Platform modules already initialized, skipping
Refreshing native plugins compatible for Editor in 0.70 ms, found 3 plugins.
Preloading 0 native plugins for Editor in 0.00 ms.
Unloading 2076 Unused Serialized files (Serialized files now loaded: 0)
System memory in use before: 97.0 MB.
System memory in use after: 97.1 MB.

Unloading 21 unused Assets to reduce memory usage. Loaded Objects now: 2910.
Total: 4.694300 ms (FindLiveObjects: 0.537400 ms CreateObjectMapping: 0.470300 ms MarkObjects: 3.505400 ms  DeleteObjects: 0.178000 ms)

========================================================================
Received Prepare
Registering precompiled user dll's ...
Registered in 0.006639 seconds.
Begin MonoManager ReloadAssembly
Native extension for WindowsStandalone target not found
Refreshing native plugins compatible for Editor in 0.57 ms, found 3 plugins.
Preloading 0 native plugins for Editor in 0.00 ms.
Mono: successfully reloaded assembly
- Completed reload, in  1.382 seconds
Platform modules already initialized, skipping
Refreshing native plugins compatible for Editor in 0.52 ms, found 3 plugins.
Preloading 0 native plugins for Editor in 0.00 ms.
Unloading 2076 Unused Serialized files (Serialized files now loaded: 0)
System memory in use before: 97.0 MB.
System memory in use after: 97.1 MB.

Unloading 21 unused Assets to reduce memory usage. Loaded Objects now: 2914.
Total: 2.541200 ms (FindLiveObjects: 0.313000 ms CreateObjectMapping: 0.122200 ms MarkObjects: 1.987000 ms  DeleteObjects: 0.117900 ms)

========================================================================
Received Prepare
Registering precompiled user dll's ...
Registered in 0.017844 seconds.
Begin MonoManager ReloadAssembly
Native extension for WindowsStandalone target not found
Refreshing native plugins compatible for Editor in 1.04 ms, found 3 plugins.
Preloading 0 native plugins for Editor in 0.00 ms.
Mono: successfully reloaded assembly
- Completed reload, in  1.800 seconds
Platform modules already initialized, skipping
Refreshing native plugins compatible for Editor in 0.79 ms, found 3 plugins.
Preloading 0 native plugins for Editor in 0.00 ms.
Unloading 2076 Unused Serialized files (Serialized files now loaded: 0)
System memory in use before: 97.0 MB.
System memory in use after: 97.1 MB.

Unloading 21 unused Assets to reduce memory usage. Loaded Objects now: 2918.
Total: 4.544300 ms (FindLiveObjects: 0.642100 ms CreateObjectMapping: 0.220000 ms MarkObjects: 3.417100 ms  DeleteObjects: 0.262100 ms)

========================================================================
Received Prepare
Registering precompiled user dll's ...
Registered in 0.006411 seconds.
Begin MonoManager ReloadAssembly
Native extension for WindowsStandalone target not found
Refreshing native plugins compatible for Editor in 0.67 ms, found 3 plugins.
Preloading 0 native plugins for Editor in 0.00 ms.
Mono: successfully reloaded assembly
- Completed reload, in  1.759 seconds
Platform modules already initialized, skipping
Refreshing native plugins compatible for Editor in 0.61 ms, found 3 plugins.
Preloading 0 native plugins for Editor in 0.00 ms.
Unloading 2076 Unused Serialized files (Serialized files now loaded: 0)
System memory in use before: 97.1 MB.
System memory in use after: 97.1 MB.

Unloading 21 unused Assets to reduce memory usage. Loaded Objects now: 2922.
Total: 4.398400 ms (FindLiveObjects: 0.329800 ms CreateObjectMapping: 0.123000 ms MarkObjects: 3.780400 ms  DeleteObjects: 0.162900 ms)

========================================================================
Received Import Request.
  Time since last request: 387.071737 seconds.
  path: Assets/Scenes/SampleScene.scenetemplate
  artifactKey: Guid(72d1665b21e65af4480298c122d1c9cb) Importer(815301076,1909f56bfc062723c751e8b465ee728b)
Start importing Assets/Scenes/SampleScene.scenetemplate using Guid(72d1665b21e65af4480298c122d1c9cb) Importer(815301076,1909f56bfc062723c751e8b465ee728b)  -> (artifact id: '85236cefdd70ca1a5c4621d1968009c7') in 0.061162 seconds
  Import took 0.066160 seconds .

========================================================================
Received Import Request.
  Time since last request: 0.063887 seconds.
  path: Assets/Scenes/SampleScene.scenetemplate
  artifactKey: Guid(72d1665b21e65af4480298c122d1c9cb) Importer(815301076,1909f56bfc062723c751e8b465ee728b)
Start importing Assets/Scenes/SampleScene.scenetemplate using Guid(72d1665b21e65af4480298c122d1c9cb) Importer(815301076,1909f56bfc062723c751e8b465ee728b)  -> (artifact id: '85236cefdd70ca1a5c4621d1968009c7') in 0.014278 seconds
  Import took 0.018955 seconds .

========================================================================
Received Import Request.
  Time since last request: 2.725067 seconds.
  path: Assets/Scenes/SampleScene.unity
  artifactKey: Guid(2cda990e2423bbf4892e6590ba056729) Importer(815301076,1909f56bfc062723c751e8b465ee728b)
Start importing Assets/Scenes/SampleScene.unity using Guid(2cda990e2423bbf4892e6590ba056729) Importer(815301076,1909f56bfc062723c751e8b465ee728b)  -> (artifact id: '53f3798c150bdc01d44492b9b2a81402') in 0.013291 seconds
  Import took 0.017747 seconds .

AssetImportWorkerClient::OnTransportError - code=2 error=End of file
