Using pre-set license
Built from '2020.3/staging' branch; Version is '2020.3.11f1 (99c7afb366b3) revision 10078127'; Using compiler version '192528614'; Build Type 'Release'
OS: 'Windows 10 Pro; OS build 19042.1052; Version 2009; 64bit' Language: 'es' Physical Memory: 16239 MB
BatchMode: 1, IsHumanControllingUs: 0, StartBugReporterOnCrash: 0, Is64bit: 1, IsPro: 0

 COMMAND LINE ARGUMENTS:
C:\Users\sheik\AppData\Local\Programs\Microsoft VS Code\2020.3.11f1\Editor\Unity.exe
-adb2
-batchMode
-noUpm
-name
AssetImportWorker0
-projectPath
D:/game dev/Plataformas
-logFile
Logs/AssetImportWorker0.log
-srvPort
57523
Successfully changed project path to: D:/game dev/Plataformas
D:/game dev/Plataformas
Using Asset Import Pipeline V2.
Refreshing native plugins compatible for Editor in 55.50 ms, found 3 plugins.
Preloading 0 native plugins for Editor in 0.00 ms.
Initialize engine version: 2020.3.11f1 (99c7afb366b3)
[Subsystems] Discovering subsystems at path C:/Users/sheik/AppData/Local/Programs/Microsoft VS Code/2020.3.11f1/Editor/Data/Resources/UnitySubsystems
[Subsystems] Discovering subsystems at path D:/game dev/Plataformas/Assets
GfxDevice: creating device client; threaded=0
Direct3D:
    Version:  Direct3D 11.0 [level 11.1]
    Renderer: NVIDIA GeForce GTX 1050 Ti (ID=0x1c8c)
    Vendor:   
    VRAM:     4021 MB
    Driver:   30.0.14.7111
Initialize mono
Mono path[0] = 'C:/Users/sheik/AppData/Local/Programs/Microsoft VS Code/2020.3.11f1/Editor/Data/Managed'
Mono path[1] = 'C:/Users/sheik/AppData/Local/Programs/Microsoft VS Code/2020.3.11f1/Editor/Data/MonoBleedingEdge/lib/mono/unityjit'
Mono config path = 'C:/Users/sheik/AppData/Local/Programs/Microsoft VS Code/2020.3.11f1/Editor/Data/MonoBleedingEdge/etc'
Using monoOptions --debugger-agent=transport=dt_socket,embedding=1,server=y,suspend=n,address=127.0.0.1:56252
Begin MonoManager ReloadAssembly
Registering precompiled unity dll's ...
Register platform support module: C:/Users/sheik/AppData/Local/Programs/Microsoft VS Code/2020.3.11f1/Editor/Data/PlaybackEngines/WindowsStandaloneSupport/UnityEditor.WindowsStandalone.Extensions.dll
Registered in 0.003123 seconds.
Native extension for WindowsStandalone target not found
Refreshing native plugins compatible for Editor in 50.25 ms, found 3 plugins.
Preloading 0 native plugins for Editor in 0.00 ms.
Mono: successfully reloaded assembly
- Completed reload, in  1.364 seconds
Platform modules already initialized, skipping
Registering precompiled user dll's ...
Registered in 0.004598 seconds.
Begin MonoManager ReloadAssembly
Native extension for WindowsStandalone target not found
Refreshing native plugins compatible for Editor in 42.94 ms, found 3 plugins.
Preloading 0 native plugins for Editor in 0.00 ms.
Mono: successfully reloaded assembly
- Completed reload, in  1.544 seconds
Platform modules already initialized, skipping
========================================================================
Worker process is ready to serve import requests
Launched and connected shader compiler UnityShaderCompiler.exe after 0.06 seconds
Refreshing native plugins compatible for Editor in 1.34 ms, found 3 plugins.
Preloading 0 native plugins for Editor in 0.00 ms.
Unloading 2083 Unused Serialized files (Serialized files now loaded: 0)
System memory in use before: 92.9 MB.
System memory in use after: 92.8 MB.

Unloading 33 unused Assets to reduce memory usage. Loaded Objects now: 2516.
Total: 2.941900 ms (FindLiveObjects: 0.258100 ms CreateObjectMapping: 0.122900 ms MarkObjects: 2.408500 ms  DeleteObjects: 0.150700 ms)

========================================================================
Received Import Request.
  path: Assets/prefabs/Player.prefab
  artifactKey: Guid(cc5aa05870f8e4841a8975468c32503e) Importer(815301076,1909f56bfc062723c751e8b465ee728b)
Start importing Assets/prefabs/Player.prefab using Guid(cc5aa05870f8e4841a8975468c32503e) Importer(815301076,1909f56bfc062723c751e8b465ee728b)  -> (artifact id: 'c89e7d62709e4d9a34f984c6c3cf2f37') in 0.129724 seconds
  Import took 0.187606 seconds .

========================================================================
Received Import Request.
  Time since last request: 10.774775 seconds.
  path: Assets/prefabs/arm.prefab
  artifactKey: Guid(0920f7bcc6f3fad49a1b2f3bdd8ea682) Importer(815301076,1909f56bfc062723c751e8b465ee728b)
Start importing Assets/prefabs/arm.prefab using Guid(0920f7bcc6f3fad49a1b2f3bdd8ea682) Importer(815301076,1909f56bfc062723c751e8b465ee728b)  -> (artifact id: '36a6c7495ad3a44a6ccb58ea628d1c8e') in 0.032191 seconds
  Import took 0.063182 seconds .

========================================================================
Received Import Request.
  Time since last request: 0.010370 seconds.
  path: Assets/prefabs/arm.prefab
  artifactKey: Guid(0920f7bcc6f3fad49a1b2f3bdd8ea682) Importer(815301076,1909f56bfc062723c751e8b465ee728b)
Start importing Assets/prefabs/arm.prefab using Guid(0920f7bcc6f3fad49a1b2f3bdd8ea682) Importer(815301076,1909f56bfc062723c751e8b465ee728b)  -> (artifact id: '36a6c7495ad3a44a6ccb58ea628d1c8e') in 0.013748 seconds
  Import took 0.019426 seconds .

========================================================================
Received Prepare
Registering precompiled user dll's ...
Registered in 0.006701 seconds.
Begin MonoManager ReloadAssembly
Native extension for WindowsStandalone target not found
Refreshing native plugins compatible for Editor in 0.52 ms, found 3 plugins.
Preloading 0 native plugins for Editor in 0.00 ms.
Mono: successfully reloaded assembly
- Completed reload, in  1.408 seconds
Platform modules already initialized, skipping
Refreshing native plugins compatible for Editor in 0.66 ms, found 3 plugins.
Preloading 0 native plugins for Editor in 0.00 ms.
Unloading 2078 Unused Serialized files (Serialized files now loaded: 0)
System memory in use before: 95.8 MB.
System memory in use after: 95.8 MB.

Unloading 21 unused Assets to reduce memory usage. Loaded Objects now: 2527.
Total: 3.276800 ms (FindLiveObjects: 0.207900 ms CreateObjectMapping: 0.077300 ms MarkObjects: 2.858300 ms  DeleteObjects: 0.131800 ms)

========================================================================
Received Prepare
Registering precompiled user dll's ...
Registered in 0.004548 seconds.
Begin MonoManager ReloadAssembly
Native extension for WindowsStandalone target not found
Refreshing native plugins compatible for Editor in 0.58 ms, found 3 plugins.
Preloading 0 native plugins for Editor in 0.00 ms.
Mono: successfully reloaded assembly
- Completed reload, in  1.332 seconds
Platform modules already initialized, skipping
Refreshing native plugins compatible for Editor in 0.67 ms, found 3 plugins.
Preloading 0 native plugins for Editor in 0.00 ms.
Unloading 2078 Unused Serialized files (Serialized files now loaded: 0)
System memory in use before: 95.9 MB.
System memory in use after: 95.8 MB.

Unloading 21 unused Assets to reduce memory usage. Loaded Objects now: 2531.
Total: 2.843400 ms (FindLiveObjects: 0.289900 ms CreateObjectMapping: 0.120600 ms MarkObjects: 2.296600 ms  DeleteObjects: 0.134800 ms)

========================================================================
Received Import Request.
  Time since last request: 432.093626 seconds.
  path: Assets/prefabs/arm.prefab
  artifactKey: Guid(0920f7bcc6f3fad49a1b2f3bdd8ea682) Importer(815301076,1909f56bfc062723c751e8b465ee728b)
Start importing Assets/prefabs/arm.prefab using Guid(0920f7bcc6f3fad49a1b2f3bdd8ea682) Importer(815301076,1909f56bfc062723c751e8b465ee728b)  -> (artifact id: '08ac3397b73abedc5a9c6d04754c4da7') in 0.073804 seconds
  Import took 1.830926 seconds .

========================================================================
Received Prepare
Registering precompiled user dll's ...
Registered in 0.004934 seconds.
Begin MonoManager ReloadAssembly
Native extension for WindowsStandalone target not found
Refreshing native plugins compatible for Editor in 0.95 ms, found 3 plugins.
Preloading 0 native plugins for Editor in 0.00 ms.
Mono: successfully reloaded assembly
- Completed reload, in  1.414 seconds
Platform modules already initialized, skipping
Refreshing native plugins compatible for Editor in 0.69 ms, found 3 plugins.
Preloading 0 native plugins for Editor in 0.00 ms.
Unloading 2078 Unused Serialized files (Serialized files now loaded: 0)
System memory in use before: 95.9 MB.
System memory in use after: 95.9 MB.

Unloading 21 unused Assets to reduce memory usage. Loaded Objects now: 2536.
Total: 3.573300 ms (FindLiveObjects: 0.308600 ms CreateObjectMapping: 0.143000 ms MarkObjects: 2.982600 ms  DeleteObjects: 0.137600 ms)

========================================================================
Received Prepare
Registering precompiled user dll's ...
Registered in 0.006247 seconds.
Begin MonoManager ReloadAssembly
Native extension for WindowsStandalone target not found
Refreshing native plugins compatible for Editor in 0.61 ms, found 3 plugins.
Preloading 0 native plugins for Editor in 0.00 ms.
Mono: successfully reloaded assembly
- Completed reload, in  1.150 seconds
Platform modules already initialized, skipping
Refreshing native plugins compatible for Editor in 0.52 ms, found 3 plugins.
Preloading 0 native plugins for Editor in 0.00 ms.
Unloading 2078 Unused Serialized files (Serialized files now loaded: 0)
System memory in use before: 95.9 MB.
System memory in use after: 95.9 MB.

Unloading 21 unused Assets to reduce memory usage. Loaded Objects now: 2540.
Total: 2.783500 ms (FindLiveObjects: 0.208600 ms CreateObjectMapping: 0.090100 ms MarkObjects: 2.351100 ms  DeleteObjects: 0.132200 ms)

========================================================================
Received Prepare
Registering precompiled user dll's ...
Registered in 0.005459 seconds.
Begin MonoManager ReloadAssembly
Native extension for WindowsStandalone target not found
Refreshing native plugins compatible for Editor in 0.55 ms, found 3 plugins.
Preloading 0 native plugins for Editor in 0.00 ms.
Mono: successfully reloaded assembly
- Completed reload, in  1.340 seconds
Platform modules already initialized, skipping
Refreshing native plugins compatible for Editor in 0.68 ms, found 3 plugins.
Preloading 0 native plugins for Editor in 0.00 ms.
Unloading 2078 Unused Serialized files (Serialized files now loaded: 0)
System memory in use before: 95.9 MB.
System memory in use after: 95.9 MB.

Unloading 21 unused Assets to reduce memory usage. Loaded Objects now: 2544.
Total: 2.682600 ms (FindLiveObjects: 0.203700 ms CreateObjectMapping: 0.119900 ms MarkObjects: 2.245100 ms  DeleteObjects: 0.112800 ms)

========================================================================
Received Prepare
Registering precompiled user dll's ...
Registered in 0.005004 seconds.
Begin MonoManager ReloadAssembly
Native extension for WindowsStandalone target not found
Refreshing native plugins compatible for Editor in 0.49 ms, found 3 plugins.
Preloading 0 native plugins for Editor in 0.00 ms.
Mono: successfully reloaded assembly
- Completed reload, in  1.194 seconds
Platform modules already initialized, skipping
Refreshing native plugins compatible for Editor in 0.51 ms, found 3 plugins.
Preloading 0 native plugins for Editor in 0.00 ms.
Unloading 2078 Unused Serialized files (Serialized files now loaded: 0)
System memory in use before: 96.0 MB.
System memory in use after: 95.9 MB.

Unloading 21 unused Assets to reduce memory usage. Loaded Objects now: 2548.
Total: 2.812800 ms (FindLiveObjects: 0.220100 ms CreateObjectMapping: 0.097500 ms MarkObjects: 2.375600 ms  DeleteObjects: 0.118500 ms)

========================================================================
Received Prepare
Registering precompiled user dll's ...
Registered in 0.008419 seconds.
Begin MonoManager ReloadAssembly
Native extension for WindowsStandalone target not found
Refreshing native plugins compatible for Editor in 0.47 ms, found 3 plugins.
Preloading 0 native plugins for Editor in 0.00 ms.
Mono: successfully reloaded assembly
- Completed reload, in  1.176 seconds
Platform modules already initialized, skipping
Refreshing native plugins compatible for Editor in 0.50 ms, found 3 plugins.
Preloading 0 native plugins for Editor in 0.00 ms.
Unloading 2078 Unused Serialized files (Serialized files now loaded: 0)
System memory in use before: 96.0 MB.
System memory in use after: 95.9 MB.

Unloading 21 unused Assets to reduce memory usage. Loaded Objects now: 2552.
Total: 2.412300 ms (FindLiveObjects: 0.209400 ms CreateObjectMapping: 0.094600 ms MarkObjects: 1.988300 ms  DeleteObjects: 0.118900 ms)

========================================================================
Received Prepare
Registering precompiled user dll's ...
Registered in 0.007661 seconds.
Begin MonoManager ReloadAssembly
Native extension for WindowsStandalone target not found
Refreshing native plugins compatible for Editor in 0.73 ms, found 3 plugins.
Preloading 0 native plugins for Editor in 0.00 ms.
Mono: successfully reloaded assembly
- Completed reload, in  1.558 seconds
Platform modules already initialized, skipping
Refreshing native plugins compatible for Editor in 0.49 ms, found 3 plugins.
Preloading 0 native plugins for Editor in 0.00 ms.
Unloading 2078 Unused Serialized files (Serialized files now loaded: 0)
System memory in use before: 96.0 MB.
System memory in use after: 96.0 MB.

Unloading 21 unused Assets to reduce memory usage. Loaded Objects now: 2556.
Total: 2.378500 ms (FindLiveObjects: 0.206500 ms CreateObjectMapping: 0.076500 ms MarkObjects: 1.989300 ms  DeleteObjects: 0.105400 ms)

========================================================================
Received Prepare
Registering precompiled user dll's ...
Registered in 0.007122 seconds.
Begin MonoManager ReloadAssembly
Native extension for WindowsStandalone target not found
Refreshing native plugins compatible for Editor in 0.83 ms, found 3 plugins.
Preloading 0 native plugins for Editor in 0.00 ms.
Mono: successfully reloaded assembly
- Completed reload, in  2.109 seconds
Platform modules already initialized, skipping
Refreshing native plugins compatible for Editor in 0.92 ms, found 3 plugins.
Preloading 0 native plugins for Editor in 0.00 ms.
Unloading 2078 Unused Serialized files (Serialized files now loaded: 0)
System memory in use before: 96.0 MB.
System memory in use after: 96.0 MB.

Unloading 21 unused Assets to reduce memory usage. Loaded Objects now: 2560.
Total: 3.850200 ms (FindLiveObjects: 0.299500 ms CreateObjectMapping: 0.144100 ms MarkObjects: 3.231500 ms  DeleteObjects: 0.173100 ms)

========================================================================
Received Prepare
Registering precompiled user dll's ...
Registered in 0.009314 seconds.
Begin MonoManager ReloadAssembly
Native extension for WindowsStandalone target not found
Refreshing native plugins compatible for Editor in 0.47 ms, found 3 plugins.
Preloading 0 native plugins for Editor in 0.00 ms.
Mono: successfully reloaded assembly
- Completed reload, in  1.154 seconds
Platform modules already initialized, skipping
Refreshing native plugins compatible for Editor in 0.54 ms, found 3 plugins.
Preloading 0 native plugins for Editor in 0.00 ms.
Unloading 2078 Unused Serialized files (Serialized files now loaded: 0)
System memory in use before: 96.0 MB.
System memory in use after: 96.0 MB.

Unloading 21 unused Assets to reduce memory usage. Loaded Objects now: 2564.
Total: 2.443800 ms (FindLiveObjects: 0.225700 ms CreateObjectMapping: 0.083100 ms MarkObjects: 2.019800 ms  DeleteObjects: 0.114000 ms)

========================================================================
Received Prepare
Registering precompiled user dll's ...
Registered in 0.007616 seconds.
Begin MonoManager ReloadAssembly
Native extension for WindowsStandalone target not found
Refreshing native plugins compatible for Editor in 0.47 ms, found 3 plugins.
Preloading 0 native plugins for Editor in 0.00 ms.
Mono: successfully reloaded assembly
- Completed reload, in  1.217 seconds
Platform modules already initialized, skipping
Refreshing native plugins compatible for Editor in 0.58 ms, found 3 plugins.
Preloading 0 native plugins for Editor in 0.00 ms.
Unloading 2078 Unused Serialized files (Serialized files now loaded: 0)
System memory in use before: 96.0 MB.
System memory in use after: 96.0 MB.

Unloading 21 unused Assets to reduce memory usage. Loaded Objects now: 2568.
Total: 2.374600 ms (FindLiveObjects: 0.218400 ms CreateObjectMapping: 0.094100 ms MarkObjects: 1.950000 ms  DeleteObjects: 0.111000 ms)

========================================================================
Received Prepare
Registering precompiled user dll's ...
Registered in 0.004034 seconds.
Begin MonoManager ReloadAssembly
Native extension for WindowsStandalone target not found
Refreshing native plugins compatible for Editor in 0.49 ms, found 3 plugins.
Preloading 0 native plugins for Editor in 0.00 ms.
Mono: successfully reloaded assembly
- Completed reload, in  1.117 seconds
Platform modules already initialized, skipping
Refreshing native plugins compatible for Editor in 0.55 ms, found 3 plugins.
Preloading 0 native plugins for Editor in 0.00 ms.
Unloading 2078 Unused Serialized files (Serialized files now loaded: 0)
System memory in use before: 96.0 MB.
System memory in use after: 96.0 MB.

Unloading 21 unused Assets to reduce memory usage. Loaded Objects now: 2572.
Total: 2.552900 ms (FindLiveObjects: 0.205700 ms CreateObjectMapping: 0.075300 ms MarkObjects: 2.160600 ms  DeleteObjects: 0.110400 ms)

========================================================================
Received Prepare
Registering precompiled user dll's ...
Registered in 0.006751 seconds.
Begin MonoManager ReloadAssembly
Native extension for WindowsStandalone target not found
Refreshing native plugins compatible for Editor in 0.65 ms, found 3 plugins.
Preloading 0 native plugins for Editor in 0.00 ms.
Mono: successfully reloaded assembly
- Completed reload, in  1.892 seconds
Platform modules already initialized, skipping
Refreshing native plugins compatible for Editor in 0.72 ms, found 3 plugins.
Preloading 0 native plugins for Editor in 0.00 ms.
Unloading 2078 Unused Serialized files (Serialized files now loaded: 0)
System memory in use before: 96.0 MB.
System memory in use after: 96.0 MB.

Unloading 21 unused Assets to reduce memory usage. Loaded Objects now: 2576.
Total: 4.750600 ms (FindLiveObjects: 0.280800 ms CreateObjectMapping: 0.238100 ms MarkObjects: 4.077700 ms  DeleteObjects: 0.152000 ms)

========================================================================
Received Import Request.
  Time since last request: 1857.259552 seconds.
  path: Assets/prefabs/arm.prefab
  artifactKey: Guid(0920f7bcc6f3fad49a1b2f3bdd8ea682) Importer(815301076,1909f56bfc062723c751e8b465ee728b)
Start importing Assets/prefabs/arm.prefab using Guid(0920f7bcc6f3fad49a1b2f3bdd8ea682) Importer(815301076,1909f56bfc062723c751e8b465ee728b)  -> (artifact id: '9ccfda192a5f096f8b1880b908148b47') in 0.083808 seconds
  Import took 0.115330 seconds .

========================================================================
Received Prepare
Registering precompiled user dll's ...
Registered in 0.004605 seconds.
Begin MonoManager ReloadAssembly
Native extension for WindowsStandalone target not found
Refreshing native plugins compatible for Editor in 0.55 ms, found 3 plugins.
Preloading 0 native plugins for Editor in 0.00 ms.
Mono: successfully reloaded assembly
- Completed reload, in  1.170 seconds
Platform modules already initialized, skipping
Refreshing native plugins compatible for Editor in 0.49 ms, found 3 plugins.
Preloading 0 native plugins for Editor in 0.00 ms.
Unloading 2078 Unused Serialized files (Serialized files now loaded: 0)
System memory in use before: 96.0 MB.
System memory in use after: 96.0 MB.

Unloading 21 unused Assets to reduce memory usage. Loaded Objects now: 2581.
Total: 2.914700 ms (FindLiveObjects: 0.232600 ms CreateObjectMapping: 0.090300 ms MarkObjects: 2.459100 ms  DeleteObjects: 0.131500 ms)

========================================================================
Received Import Request.
  Time since last request: 493.201302 seconds.
  path: Assets/prefabs/arm.prefab
  artifactKey: Guid(0920f7bcc6f3fad49a1b2f3bdd8ea682) Importer(815301076,1909f56bfc062723c751e8b465ee728b)
Start importing Assets/prefabs/arm.prefab using Guid(0920f7bcc6f3fad49a1b2f3bdd8ea682) Importer(815301076,1909f56bfc062723c751e8b465ee728b)  -> (artifact id: '2bebe28a8111d7d8f875d7879eea5dce') in 0.056849 seconds
  Import took 0.088302 seconds .

========================================================================
Received Prepare
Registering precompiled user dll's ...
Registered in 0.005579 seconds.
Begin MonoManager ReloadAssembly
Native extension for WindowsStandalone target not found
Refreshing native plugins compatible for Editor in 0.55 ms, found 3 plugins.
Preloading 0 native plugins for Editor in 0.00 ms.
Mono: successfully reloaded assembly
- Completed reload, in  1.284 seconds
Platform modules already initialized, skipping
Refreshing native plugins compatible for Editor in 0.50 ms, found 3 plugins.
Preloading 0 native plugins for Editor in 0.00 ms.
Unloading 2078 Unused Serialized files (Serialized files now loaded: 0)
System memory in use before: 96.0 MB.
System memory in use after: 96.0 MB.

Unloading 21 unused Assets to reduce memory usage. Loaded Objects now: 2586.
Total: 2.656000 ms (FindLiveObjects: 0.234000 ms CreateObjectMapping: 0.091800 ms MarkObjects: 2.217400 ms  DeleteObjects: 0.111800 ms)

========================================================================
Received Prepare
Registering precompiled user dll's ...
Registered in 0.007138 seconds.
Begin MonoManager ReloadAssembly
Native extension for WindowsStandalone target not found
Refreshing native plugins compatible for Editor in 0.45 ms, found 3 plugins.
Preloading 0 native plugins for Editor in 0.00 ms.
Mono: successfully reloaded assembly
- Completed reload, in  1.173 seconds
Platform modules already initialized, skipping
Refreshing native plugins compatible for Editor in 0.74 ms, found 3 plugins.
Preloading 0 native plugins for Editor in 0.00 ms.
Unloading 2078 Unused Serialized files (Serialized files now loaded: 0)
System memory in use before: 96.1 MB.
System memory in use after: 96.0 MB.

Unloading 21 unused Assets to reduce memory usage. Loaded Objects now: 2590.
Total: 2.538700 ms (FindLiveObjects: 0.211800 ms CreateObjectMapping: 0.070400 ms MarkObjects: 2.007900 ms  DeleteObjects: 0.247500 ms)

========================================================================
Received Import Request.
  Time since last request: 679.857739 seconds.
  path: Assets/script/arm.cs
  artifactKey: Guid(bdc8786745d6fe14eb48c725c11abcb6) Importer(815301076,1909f56bfc062723c751e8b465ee728b)
Start importing Assets/script/arm.cs using Guid(bdc8786745d6fe14eb48c725c11abcb6) Importer(815301076,1909f56bfc062723c751e8b465ee728b)  -> (artifact id: '8fedbb5a36b162b30c5ca7e7272e2068') in 0.011003 seconds
  Import took 0.057690 seconds .

========================================================================
Received Import Request.
  Time since last request: 0.001378 seconds.
  path: Assets/script/arm.cs
  artifactKey: Guid(bdc8786745d6fe14eb48c725c11abcb6) Importer(815301076,1909f56bfc062723c751e8b465ee728b)
Start importing Assets/script/arm.cs using Guid(bdc8786745d6fe14eb48c725c11abcb6) Importer(815301076,1909f56bfc062723c751e8b465ee728b)  -> (artifact id: '8fedbb5a36b162b30c5ca7e7272e2068') in 0.003657 seconds
  Import took 0.009208 seconds .

========================================================================
Received Prepare
Registering precompiled user dll's ...
Registered in 0.005775 seconds.
Begin MonoManager ReloadAssembly
Native extension for WindowsStandalone target not found
Refreshing native plugins compatible for Editor in 0.60 ms, found 3 plugins.
Preloading 0 native plugins for Editor in 0.00 ms.
Mono: successfully reloaded assembly
- Completed reload, in  1.105 seconds
Platform modules already initialized, skipping
Refreshing native plugins compatible for Editor in 0.60 ms, found 3 plugins.
Preloading 0 native plugins for Editor in 0.00 ms.
Unloading 2078 Unused Serialized files (Serialized files now loaded: 0)
System memory in use before: 96.1 MB.
System memory in use after: 96.1 MB.

Unloading 21 unused Assets to reduce memory usage. Loaded Objects now: 2594.
Total: 2.498900 ms (FindLiveObjects: 0.217200 ms CreateObjectMapping: 0.078100 ms MarkObjects: 2.073000 ms  DeleteObjects: 0.129400 ms)

========================================================================
Received Import Request.
  Time since last request: 213.598321 seconds.
  path: Assets/prefabs/Player.prefab
  artifactKey: Guid(cc5aa05870f8e4841a8975468c32503e) Importer(815301076,1909f56bfc062723c751e8b465ee728b)
Start importing Assets/prefabs/Player.prefab using Guid(cc5aa05870f8e4841a8975468c32503e) Importer(815301076,1909f56bfc062723c751e8b465ee728b)  -> (artifact id: '3c750eb89c05732f694cd3de44c9216b') in 0.073140 seconds
  Import took 0.077457 seconds .

========================================================================
Received Prepare
Registering precompiled user dll's ...
Registered in 0.004943 seconds.
Begin MonoManager ReloadAssembly
Native extension for WindowsStandalone target not found
Refreshing native plugins compatible for Editor in 0.72 ms, found 3 plugins.
Preloading 0 native plugins for Editor in 0.00 ms.
Mono: successfully reloaded assembly
- Completed reload, in  1.291 seconds
Platform modules already initialized, skipping
Refreshing native plugins compatible for Editor in 0.54 ms, found 3 plugins.
Preloading 0 native plugins for Editor in 0.00 ms.
Unloading 2078 Unused Serialized files (Serialized files now loaded: 0)
System memory in use before: 96.1 MB.
System memory in use after: 96.1 MB.

Unloading 21 unused Assets to reduce memory usage. Loaded Objects now: 2599.
Total: 2.779200 ms (FindLiveObjects: 0.215000 ms CreateObjectMapping: 0.096400 ms MarkObjects: 2.341700 ms  DeleteObjects: 0.124900 ms)

========================================================================
Received Prepare
Registering precompiled user dll's ...
Registered in 0.003819 seconds.
Begin MonoManager ReloadAssembly
Native extension for WindowsStandalone target not found
Refreshing native plugins compatible for Editor in 0.43 ms, found 3 plugins.
Preloading 0 native plugins for Editor in 0.00 ms.
Mono: successfully reloaded assembly
- Completed reload, in  0.965 seconds
Platform modules already initialized, skipping
Refreshing native plugins compatible for Editor in 0.48 ms, found 3 plugins.
Preloading 0 native plugins for Editor in 0.00 ms.
Unloading 2078 Unused Serialized files (Serialized files now loaded: 0)
System memory in use before: 96.1 MB.
System memory in use after: 96.1 MB.

Unloading 21 unused Assets to reduce memory usage. Loaded Objects now: 2603.
Total: 2.195300 ms (FindLiveObjects: 0.183100 ms CreateObjectMapping: 0.074700 ms MarkObjects: 1.804600 ms  DeleteObjects: 0.131900 ms)

========================================================================
Received Prepare
Registering precompiled user dll's ...
Registered in 0.004857 seconds.
Begin MonoManager ReloadAssembly
Native extension for WindowsStandalone target not found
Refreshing native plugins compatible for Editor in 0.56 ms, found 3 plugins.
Preloading 0 native plugins for Editor in 0.00 ms.
Mono: successfully reloaded assembly
- Completed reload, in  1.283 seconds
Platform modules already initialized, skipping
Refreshing native plugins compatible for Editor in 0.54 ms, found 3 plugins.
Preloading 0 native plugins for Editor in 0.00 ms.
Unloading 2078 Unused Serialized files (Serialized files now loaded: 0)
System memory in use before: 96.1 MB.
System memory in use after: 96.1 MB.

Unloading 21 unused Assets to reduce memory usage. Loaded Objects now: 2607.
Total: 2.782100 ms (FindLiveObjects: 0.228600 ms CreateObjectMapping: 0.101800 ms MarkObjects: 2.316500 ms  DeleteObjects: 0.134000 ms)

========================================================================
Received Prepare
Registering precompiled user dll's ...
Registered in 0.005865 seconds.
Begin MonoManager ReloadAssembly
Native extension for WindowsStandalone target not found
Refreshing native plugins compatible for Editor in 0.53 ms, found 3 plugins.
Preloading 0 native plugins for Editor in 0.00 ms.
Mono: successfully reloaded assembly
- Completed reload, in  1.263 seconds
Platform modules already initialized, skipping
Refreshing native plugins compatible for Editor in 0.54 ms, found 3 plugins.
Preloading 0 native plugins for Editor in 0.00 ms.
Unloading 2078 Unused Serialized files (Serialized files now loaded: 0)
System memory in use before: 96.1 MB.
System memory in use after: 96.1 MB.

Unloading 21 unused Assets to reduce memory usage. Loaded Objects now: 2611.
Total: 2.739500 ms (FindLiveObjects: 0.220500 ms CreateObjectMapping: 0.107100 ms MarkObjects: 2.290400 ms  DeleteObjects: 0.120300 ms)

========================================================================
Received Import Request.
  Time since last request: 215.220824 seconds.
  path: Assets/prefabs/arm.prefab
  artifactKey: Guid(0920f7bcc6f3fad49a1b2f3bdd8ea682) Importer(815301076,1909f56bfc062723c751e8b465ee728b)
Start importing Assets/prefabs/arm.prefab using Guid(0920f7bcc6f3fad49a1b2f3bdd8ea682) Importer(815301076,1909f56bfc062723c751e8b465ee728b)  -> (artifact id: '1d0200ee926c1dffbd761a7bdb066eab') in 0.067425 seconds
  Import took 0.072267 seconds .

========================================================================
Received Import Request.
  Time since last request: 0.014320 seconds.
  path: Assets/prefabs/arm.prefab
  artifactKey: Guid(0920f7bcc6f3fad49a1b2f3bdd8ea682) Importer(815301076,1909f56bfc062723c751e8b465ee728b)
Start importing Assets/prefabs/arm.prefab using Guid(0920f7bcc6f3fad49a1b2f3bdd8ea682) Importer(815301076,1909f56bfc062723c751e8b465ee728b)  -> (artifact id: '1d0200ee926c1dffbd761a7bdb066eab') in 0.011654 seconds
  Import took 0.015971 seconds .

========================================================================
Received Prepare
Registering precompiled user dll's ...
Registered in 0.006371 seconds.
Begin MonoManager ReloadAssembly
Native extension for WindowsStandalone target not found
Refreshing native plugins compatible for Editor in 0.46 ms, found 3 plugins.
Preloading 0 native plugins for Editor in 0.00 ms.
Mono: successfully reloaded assembly
- Completed reload, in  1.119 seconds
Platform modules already initialized, skipping
Refreshing native plugins compatible for Editor in 0.57 ms, found 3 plugins.
Preloading 0 native plugins for Editor in 0.00 ms.
Unloading 2078 Unused Serialized files (Serialized files now loaded: 0)
System memory in use before: 96.1 MB.
System memory in use after: 96.1 MB.

Unloading 21 unused Assets to reduce memory usage. Loaded Objects now: 2616.
Total: 2.352900 ms (FindLiveObjects: 0.203800 ms CreateObjectMapping: 0.089100 ms MarkObjects: 1.951500 ms  DeleteObjects: 0.107500 ms)

========================================================================
Received Prepare
Registering precompiled user dll's ...
Registered in 0.005948 seconds.
Begin MonoManager ReloadAssembly
Native extension for WindowsStandalone target not found
Refreshing native plugins compatible for Editor in 0.52 ms, found 3 plugins.
Preloading 0 native plugins for Editor in 0.00 ms.
Mono: successfully reloaded assembly
- Completed reload, in  1.291 seconds
Platform modules already initialized, skipping
Refreshing native plugins compatible for Editor in 0.56 ms, found 3 plugins.
Preloading 0 native plugins for Editor in 0.00 ms.
Unloading 2078 Unused Serialized files (Serialized files now loaded: 0)
System memory in use before: 96.1 MB.
System memory in use after: 96.1 MB.

Unloading 21 unused Assets to reduce memory usage. Loaded Objects now: 2620.
Total: 2.835200 ms (FindLiveObjects: 0.201300 ms CreateObjectMapping: 0.085200 ms MarkObjects: 2.385000 ms  DeleteObjects: 0.162600 ms)

========================================================================
Received Prepare
Registering precompiled user dll's ...
Registered in 0.008183 seconds.
Begin MonoManager ReloadAssembly
Native extension for WindowsStandalone target not found
Refreshing native plugins compatible for Editor in 0.64 ms, found 3 plugins.
Preloading 0 native plugins for Editor in 0.00 ms.
Mono: successfully reloaded assembly
- Completed reload, in  1.931 seconds
Platform modules already initialized, skipping
Refreshing native plugins compatible for Editor in 0.82 ms, found 3 plugins.
Preloading 0 native plugins for Editor in 0.00 ms.
Unloading 2078 Unused Serialized files (Serialized files now loaded: 0)
System memory in use before: 96.1 MB.
System memory in use after: 96.1 MB.

Unloading 21 unused Assets to reduce memory usage. Loaded Objects now: 2624.
Total: 5.810900 ms (FindLiveObjects: 1.084100 ms CreateObjectMapping: 0.308700 ms MarkObjects: 4.097300 ms  DeleteObjects: 0.316700 ms)

========================================================================
Received Prepare
Registering precompiled user dll's ...
Registered in 0.006465 seconds.
Begin MonoManager ReloadAssembly
Native extension for WindowsStandalone target not found
Refreshing native plugins compatible for Editor in 0.50 ms, found 3 plugins.
Preloading 0 native plugins for Editor in 0.00 ms.
Mono: successfully reloaded assembly
- Completed reload, in  1.295 seconds
Platform modules already initialized, skipping
Refreshing native plugins compatible for Editor in 0.61 ms, found 3 plugins.
Preloading 0 native plugins for Editor in 0.00 ms.
Unloading 2078 Unused Serialized files (Serialized files now loaded: 0)
System memory in use before: 96.2 MB.
System memory in use after: 96.1 MB.

Unloading 21 unused Assets to reduce memory usage. Loaded Objects now: 2628.
Total: 2.554500 ms (FindLiveObjects: 0.228300 ms CreateObjectMapping: 0.092500 ms MarkObjects: 2.104000 ms  DeleteObjects: 0.128400 ms)

========================================================================
Received Prepare
Registering precompiled user dll's ...
Registered in 0.005326 seconds.
Begin MonoManager ReloadAssembly
Native extension for WindowsStandalone target not found
Refreshing native plugins compatible for Editor in 0.64 ms, found 3 plugins.
Preloading 0 native plugins for Editor in 0.00 ms.
Mono: successfully reloaded assembly
- Completed reload, in  1.534 seconds
Platform modules already initialized, skipping
Refreshing native plugins compatible for Editor in 0.59 ms, found 3 plugins.
Preloading 0 native plugins for Editor in 0.00 ms.
Unloading 2078 Unused Serialized files (Serialized files now loaded: 0)
System memory in use before: 96.2 MB.
System memory in use after: 96.1 MB.

Unloading 21 unused Assets to reduce memory usage. Loaded Objects now: 2632.
Total: 2.628800 ms (FindLiveObjects: 0.230900 ms CreateObjectMapping: 0.093600 ms MarkObjects: 2.174200 ms  DeleteObjects: 0.128500 ms)

========================================================================
Received Prepare
Registering precompiled user dll's ...
Registered in 0.005571 seconds.
Begin MonoManager ReloadAssembly
Native extension for WindowsStandalone target not found
Refreshing native plugins compatible for Editor in 0.62 ms, found 3 plugins.
Preloading 0 native plugins for Editor in 0.00 ms.
Mono: successfully reloaded assembly
- Completed reload, in  1.237 seconds
Platform modules already initialized, skipping
Refreshing native plugins compatible for Editor in 0.56 ms, found 3 plugins.
Preloading 0 native plugins for Editor in 0.00 ms.
Unloading 2078 Unused Serialized files (Serialized files now loaded: 0)
System memory in use before: 96.2 MB.
System memory in use after: 96.2 MB.

Unloading 21 unused Assets to reduce memory usage. Loaded Objects now: 2636.
Total: 4.405300 ms (FindLiveObjects: 0.463500 ms CreateObjectMapping: 0.200000 ms MarkObjects: 3.559900 ms  DeleteObjects: 0.179800 ms)

========================================================================
Received Prepare
Registering precompiled user dll's ...
Registered in 0.005328 seconds.
Begin MonoManager ReloadAssembly
Native extension for WindowsStandalone target not found
Refreshing native plugins compatible for Editor in 0.51 ms, found 3 plugins.
Preloading 0 native plugins for Editor in 0.00 ms.
Mono: successfully reloaded assembly
- Completed reload, in  1.202 seconds
Platform modules already initialized, skipping
Refreshing native plugins compatible for Editor in 0.53 ms, found 3 plugins.
Preloading 0 native plugins for Editor in 0.00 ms.
Unloading 2078 Unused Serialized files (Serialized files now loaded: 0)
System memory in use before: 96.2 MB.
System memory in use after: 96.2 MB.

Unloading 21 unused Assets to reduce memory usage. Loaded Objects now: 2640.
Total: 2.380500 ms (FindLiveObjects: 0.207000 ms CreateObjectMapping: 0.086500 ms MarkObjects: 1.969900 ms  DeleteObjects: 0.116100 ms)

========================================================================
Received Prepare
Registering precompiled user dll's ...
Registered in 0.004404 seconds.
Begin MonoManager ReloadAssembly
Native extension for WindowsStandalone target not found
Refreshing native plugins compatible for Editor in 0.95 ms, found 3 plugins.
Preloading 0 native plugins for Editor in 0.00 ms.
Mono: successfully reloaded assembly
- Completed reload, in  1.631 seconds
Platform modules already initialized, skipping
Refreshing native plugins compatible for Editor in 0.66 ms, found 3 plugins.
Preloading 0 native plugins for Editor in 0.00 ms.
Unloading 2078 Unused Serialized files (Serialized files now loaded: 0)
System memory in use before: 96.2 MB.
System memory in use after: 96.2 MB.

Unloading 21 unused Assets to reduce memory usage. Loaded Objects now: 2644.
Total: 4.880700 ms (FindLiveObjects: 0.473000 ms CreateObjectMapping: 0.188500 ms MarkObjects: 3.967900 ms  DeleteObjects: 0.245000 ms)

========================================================================
Received Prepare
Registering precompiled user dll's ...
Registered in 0.006000 seconds.
Begin MonoManager ReloadAssembly
Native extension for WindowsStandalone target not found
Refreshing native plugins compatible for Editor in 0.58 ms, found 3 plugins.
Preloading 0 native plugins for Editor in 0.00 ms.
Mono: successfully reloaded assembly
- Completed reload, in  1.359 seconds
Platform modules already initialized, skipping
Refreshing native plugins compatible for Editor in 0.65 ms, found 3 plugins.
Preloading 0 native plugins for Editor in 0.00 ms.
Unloading 2078 Unused Serialized files (Serialized files now loaded: 0)
System memory in use before: 96.2 MB.
System memory in use after: 96.2 MB.

Unloading 21 unused Assets to reduce memory usage. Loaded Objects now: 2648.
Total: 2.893000 ms (FindLiveObjects: 0.295600 ms CreateObjectMapping: 0.137800 ms MarkObjects: 2.336900 ms  DeleteObjects: 0.121500 ms)

========================================================================
Received Import Request.
  Time since last request: 1605.446961 seconds.
  path: Assets/prefabs/arm.prefab
  artifactKey: Guid(0920f7bcc6f3fad49a1b2f3bdd8ea682) Importer(815301076,1909f56bfc062723c751e8b465ee728b)
Start importing Assets/prefabs/arm.prefab using Guid(0920f7bcc6f3fad49a1b2f3bdd8ea682) Importer(815301076,1909f56bfc062723c751e8b465ee728b)  -> (artifact id: 'd2adb28bfb29024e6f10a433a23facf2') in 0.105446 seconds
  Import took 0.145558 seconds .

========================================================================
Received Import Request.
  Time since last request: 5.511667 seconds.
  path: Assets/prefabs/arm.prefab
  artifactKey: Guid(0920f7bcc6f3fad49a1b2f3bdd8ea682) Importer(815301076,1909f56bfc062723c751e8b465ee728b)
Start importing Assets/prefabs/arm.prefab using Guid(0920f7bcc6f3fad49a1b2f3bdd8ea682) Importer(815301076,1909f56bfc062723c751e8b465ee728b)  -> (artifact id: 'b6357aaaab850658f4e8f60b54d1e3d4') in 0.011574 seconds
  Import took 0.017755 seconds .

========================================================================
Received Import Request.
  Time since last request: 0.071170 seconds.
  path: Assets/prefabs/arm.prefab
  artifactKey: Guid(0920f7bcc6f3fad49a1b2f3bdd8ea682) Importer(815301076,1909f56bfc062723c751e8b465ee728b)
Start importing Assets/prefabs/arm.prefab using Guid(0920f7bcc6f3fad49a1b2f3bdd8ea682) Importer(815301076,1909f56bfc062723c751e8b465ee728b)  -> (artifact id: 'b6357aaaab850658f4e8f60b54d1e3d4') in 0.012814 seconds
  Import took 0.017563 seconds .

========================================================================
Received Prepare
Registering precompiled user dll's ...
Registered in 0.006247 seconds.
Begin MonoManager ReloadAssembly
Native extension for WindowsStandalone target not found
Refreshing native plugins compatible for Editor in 0.69 ms, found 3 plugins.
Preloading 0 native plugins for Editor in 0.00 ms.
Mono: successfully reloaded assembly
- Completed reload, in  1.834 seconds
Platform modules already initialized, skipping
Refreshing native plugins compatible for Editor in 0.59 ms, found 3 plugins.
Preloading 0 native plugins for Editor in 0.00 ms.
Unloading 2078 Unused Serialized files (Serialized files now loaded: 0)
System memory in use before: 96.2 MB.
System memory in use after: 96.2 MB.

Unloading 21 unused Assets to reduce memory usage. Loaded Objects now: 2653.
Total: 4.137600 ms (FindLiveObjects: 0.336500 ms CreateObjectMapping: 0.156800 ms MarkObjects: 3.492500 ms  DeleteObjects: 0.150000 ms)

========================================================================
Received Import Request.
  Time since last request: 72.760494 seconds.
  path: Assets/prefabs/arm.prefab
  artifactKey: Guid(0920f7bcc6f3fad49a1b2f3bdd8ea682) Importer(815301076,1909f56bfc062723c751e8b465ee728b)
Start importing Assets/prefabs/arm.prefab using Guid(0920f7bcc6f3fad49a1b2f3bdd8ea682) Importer(815301076,1909f56bfc062723c751e8b465ee728b)  -> (artifact id: '4b957d3a16fc4563e7c22dee97150e3c') in 0.084999 seconds
  Import took 0.092153 seconds .

========================================================================
Received Import Request.
  Time since last request: 0.001032 seconds.
  path: Assets/prefabs/arm.prefab
  artifactKey: Guid(0920f7bcc6f3fad49a1b2f3bdd8ea682) Importer(815301076,1909f56bfc062723c751e8b465ee728b)
Start importing Assets/prefabs/arm.prefab using Guid(0920f7bcc6f3fad49a1b2f3bdd8ea682) Importer(815301076,1909f56bfc062723c751e8b465ee728b)  -> (artifact id: '4b957d3a16fc4563e7c22dee97150e3c') in 0.014027 seconds
  Import took 0.019568 seconds .

========================================================================
Received Import Request.
  Time since last request: 10.002907 seconds.
  path: Assets/prefabs/arm.prefab
  artifactKey: Guid(0920f7bcc6f3fad49a1b2f3bdd8ea682) Importer(815301076,1909f56bfc062723c751e8b465ee728b)
Start importing Assets/prefabs/arm.prefab using Guid(0920f7bcc6f3fad49a1b2f3bdd8ea682) Importer(815301076,1909f56bfc062723c751e8b465ee728b)  -> (artifact id: 'feade82476592b5502ead67d932ea00d') in 0.021089 seconds
  Import took 0.042041 seconds .

========================================================================
Received Import Request.
  Time since last request: 0.000625 seconds.
  path: Assets/prefabs/arm.prefab
  artifactKey: Guid(0920f7bcc6f3fad49a1b2f3bdd8ea682) Importer(815301076,1909f56bfc062723c751e8b465ee728b)
Start importing Assets/prefabs/arm.prefab using Guid(0920f7bcc6f3fad49a1b2f3bdd8ea682) Importer(815301076,1909f56bfc062723c751e8b465ee728b)  -> (artifact id: 'feade82476592b5502ead67d932ea00d') in 0.012556 seconds
  Import took 0.017321 seconds .

========================================================================
Received Import Request.
  Time since last request: 7.094634 seconds.
  path: Assets/prefabs/arm.prefab
  artifactKey: Guid(0920f7bcc6f3fad49a1b2f3bdd8ea682) Importer(815301076,1909f56bfc062723c751e8b465ee728b)
Start importing Assets/prefabs/arm.prefab using Guid(0920f7bcc6f3fad49a1b2f3bdd8ea682) Importer(815301076,1909f56bfc062723c751e8b465ee728b)  -> (artifact id: 'bbc9a17a62a423ca64855b5d1867149b') in 0.013432 seconds
  Import took 0.027348 seconds .

========================================================================
Received Import Request.
  Time since last request: 9.239665 seconds.
  path: Assets/prefabs/arm.prefab
  artifactKey: Guid(0920f7bcc6f3fad49a1b2f3bdd8ea682) Importer(815301076,1909f56bfc062723c751e8b465ee728b)
Start importing Assets/prefabs/arm.prefab using Guid(0920f7bcc6f3fad49a1b2f3bdd8ea682) Importer(815301076,1909f56bfc062723c751e8b465ee728b)  -> (artifact id: '0d4e84f104864f95cdc9c9d56cedb43c') in 0.011585 seconds
  Import took 0.017026 seconds .

========================================================================
Received Prepare
Registering precompiled user dll's ...
Registered in 0.006138 seconds.
Begin MonoManager ReloadAssembly
Native extension for WindowsStandalone target not found
Refreshing native plugins compatible for Editor in 0.78 ms, found 3 plugins.
Preloading 0 native plugins for Editor in 0.00 ms.
Mono: successfully reloaded assembly
- Completed reload, in  1.412 seconds
Platform modules already initialized, skipping
Refreshing native plugins compatible for Editor in 0.64 ms, found 3 plugins.
Preloading 0 native plugins for Editor in 0.00 ms.
Unloading 2078 Unused Serialized files (Serialized files now loaded: 0)
System memory in use before: 96.2 MB.
System memory in use after: 96.2 MB.

Unloading 21 unused Assets to reduce memory usage. Loaded Objects now: 2658.
Total: 3.056300 ms (FindLiveObjects: 0.231900 ms CreateObjectMapping: 0.098600 ms MarkObjects: 2.556500 ms  DeleteObjects: 0.167900 ms)

========================================================================
Received Prepare
Registering precompiled user dll's ...
Registered in 0.005927 seconds.
Begin MonoManager ReloadAssembly
Native extension for WindowsStandalone target not found
Refreshing native plugins compatible for Editor in 0.54 ms, found 3 plugins.
Preloading 0 native plugins for Editor in 0.00 ms.
Mono: successfully reloaded assembly
- Completed reload, in  1.497 seconds
Platform modules already initialized, skipping
Refreshing native plugins compatible for Editor in 0.69 ms, found 3 plugins.
Preloading 0 native plugins for Editor in 0.00 ms.
Unloading 2078 Unused Serialized files (Serialized files now loaded: 0)
System memory in use before: 96.2 MB.
System memory in use after: 96.2 MB.

Unloading 21 unused Assets to reduce memory usage. Loaded Objects now: 2662.
Total: 3.049500 ms (FindLiveObjects: 0.278000 ms CreateObjectMapping: 0.100800 ms MarkObjects: 2.530500 ms  DeleteObjects: 0.138900 ms)

========================================================================
Received Import Request.
  Time since last request: 267.939810 seconds.
  path: Assets/prefabs/arm.prefab
  artifactKey: Guid(0920f7bcc6f3fad49a1b2f3bdd8ea682) Importer(815301076,1909f56bfc062723c751e8b465ee728b)
Start importing Assets/prefabs/arm.prefab using Guid(0920f7bcc6f3fad49a1b2f3bdd8ea682) Importer(815301076,1909f56bfc062723c751e8b465ee728b)  -> (artifact id: 'b03e766d07c78cf253bf68a494097ec7') in 0.071935 seconds
  Import took 0.111804 seconds .

========================================================================
Received Import Request.
  Time since last request: 1.954996 seconds.
  path: Assets/prefabs/arm.prefab
  artifactKey: Guid(0920f7bcc6f3fad49a1b2f3bdd8ea682) Importer(815301076,1909f56bfc062723c751e8b465ee728b)
Start importing Assets/prefabs/arm.prefab using Guid(0920f7bcc6f3fad49a1b2f3bdd8ea682) Importer(815301076,1909f56bfc062723c751e8b465ee728b)  -> (artifact id: '18b997c2b8df394c6abedeb06e297930') in 0.027160 seconds
  Import took 0.031978 seconds .

========================================================================
Received Prepare
Registering precompiled user dll's ...
Registered in 0.008630 seconds.
Begin MonoManager ReloadAssembly
Native extension for WindowsStandalone target not found
Refreshing native plugins compatible for Editor in 0.48 ms, found 3 plugins.
Preloading 0 native plugins for Editor in 0.00 ms.
Mono: successfully reloaded assembly
- Completed reload, in  1.329 seconds
Platform modules already initialized, skipping
Refreshing native plugins compatible for Editor in 0.59 ms, found 3 plugins.
Preloading 0 native plugins for Editor in 0.00 ms.
Unloading 2078 Unused Serialized files (Serialized files now loaded: 0)
System memory in use before: 96.2 MB.
System memory in use after: 96.2 MB.

Unloading 21 unused Assets to reduce memory usage. Loaded Objects now: 2667.
Total: 3.193100 ms (FindLiveObjects: 0.255600 ms CreateObjectMapping: 0.095700 ms MarkObjects: 2.704700 ms  DeleteObjects: 0.136100 ms)

AssetImportWorkerClient::OnTransportError - code=2 error=End of file
